[2025-10-15T02:03:29.921Z] INFO: 🚀 Starting Mainnet Bot Detection System...
[2025-10-15T02:03:29.929Z] INFO: ✅ Bot detection algorithms ready
[2025-10-15T02:03:29.929Z] INFO: ✅ Monitoring for suspicious trading patterns...
[2025-10-15T02:03:29.929Z] INFO: 🎉 Mainnet Bot Detection System is now active!
[2025-10-15T02:03:29.930Z] WARN: 🚨 BOT DETECTED ON MAINNET!
[2025-10-15T02:03:29.930Z] WARN:    User: 0x9999999999999999999999999999999999999999
[2025-10-15T02:03:29.930Z] WARN:    Score: 70/100
[2025-10-15T02:03:29.930Z] WARN:    Signals: Extremely high trading frequency (>100/hour), High precision trading (>6 decimals), Off-hours trading (12AM-6AM), Immediate market response
[2025-10-15T02:03:29.930Z] WARN:    Trade Amount: $25.5
[2025-10-15T02:03:39.934Z] INFO: 🛑 Mainnet Bot Detection System stopped
[2025-10-22T12:42:19.045Z] INFO: ✅ HTTP Provider initialized: https://sepolia.infura.io/v3/2758fd4e9f4640e2b22cd...
[2025-10-22T12:42:19.049Z] WARN: ⚠️  No valid private key found. Running in READ-ONLY mode.
[2025-10-22T12:42:19.049Z] WARN:    Event listening will work, but write operations will be disabled.
[2025-10-22T12:42:19.054Z] INFO: ✅ Contract initialized at: 0x2cC7fD19b0953a1C8E5eea66AbAB89977A4619e2
[2025-10-22T12:42:19.069Z] WARN: ⚠️  Read-only mode - no private key provided
[2025-10-22T12:42:19.075Z] INFO: 
============================================================
[2025-10-22T12:42:19.076Z] INFO: 🛡️  BOT DETECTION SYSTEM RUNNING
[2025-10-22T12:42:19.076Z] INFO: ============================================================
[2025-10-22T12:42:19.076Z] INFO: Server: http://localhost:3000
[2025-10-22T12:42:19.076Z] INFO: Environment: development
[2025-10-22T12:42:19.076Z] INFO: Contract: 0x2cC7fD19b0953a1C8E5eea66AbAB89977A4619e2
[2025-10-22T12:42:19.076Z] INFO: ============================================================

[2025-10-22T12:42:19.076Z] INFO: 🚀 Starting Bot Detection System...
[2025-10-22T12:42:19.077Z] INFO: 📡 Starting Pyth Hermes price stream...
[2025-10-22T12:42:19.077Z] INFO: Starting Pyth price stream for 3 feeds
[2025-10-22T12:42:19.673Z] INFO: WebSocket connection established
[2025-10-22T12:42:19.674Z] INFO: Subscribing to feeds batch 1: 0xe62df6c8b4a85fe1a6...
[2025-10-22T12:42:20.127Z] INFO: ✅ Connected to Ethereum Mainnet - Current Block: 9465863
[2025-10-22T12:42:20.197Z] INFO: ff61491a: $3856.43 (±$1.77)
[2025-10-22T12:42:20.198Z] INFO: ef0d8b6f: $186.81 (±$0.09)
[2025-10-22T12:42:20.198Z] INFO: e62df6c8: $108344.73 (±$53.93)
[2025-10-22T12:42:20.449Z] INFO: ff61491a: $3856.70 (±$1.99)
[2025-10-22T12:42:20.449Z] INFO: ef0d8b6f: $186.82 (±$0.10)
[2025-10-22T12:42:20.449Z] INFO: e62df6c8: $108350.00 (±$47.00)
[2025-10-22T12:42:21.087Z] INFO: ff61491a: $3856.74 (±$1.79)
[2025-10-22T12:42:21.088Z] INFO: ef0d8b6f: $186.84 (±$0.11)
[2025-10-22T12:42:21.088Z] INFO: e62df6c8: $108357.72 (±$54.18)
[2025-10-22T12:42:21.347Z] INFO: ff61491a: $3856.75 (±$1.54)
[2025-10-22T12:42:21.347Z] INFO: ef0d8b6f: $186.84 (±$0.11)
[2025-10-22T12:42:21.347Z] INFO: e62df6c8: $108362.40 (±$58.86)
[2025-10-22T12:42:21.787Z] INFO: ff61491a: $3856.93 (±$1.90)
[2025-10-22T12:42:21.788Z] INFO: ef0d8b6f: $186.84 (±$0.11)
[2025-10-22T12:42:21.788Z] INFO: e62df6c8: $108363.62 (±$57.98)
[2025-10-22T12:42:22.112Z] INFO: 👂 Starting blockchain event listener...
[2025-10-22T12:42:22.112Z] INFO: 👂 Starting to listen for TradeExecuted events...
[2025-10-22T12:42:22.113Z] INFO:    Contract: 0x2cC7fD19b0953a1C8E5eea66AbAB89977A4619e2
[2025-10-22T12:42:22.113Z] INFO:    Network: Ethereum Mainnet (Chain ID: 11155111)
[2025-10-22T12:42:22.113Z] INFO: ✅ All services started successfully!
[2025-10-22T12:42:22.187Z] INFO: ff61491a: $3856.93 (±$2.15)
[2025-10-22T12:42:22.187Z] INFO: ef0d8b6f: $186.84 (±$0.11)
[2025-10-22T12:42:22.187Z] INFO: e62df6c8: $108363.62 (±$57.98)
[2025-10-22T12:42:22.358Z] INFO:    Starting from block: 9465863
[2025-10-22T12:42:22.365Z] INFO: ✅ Event listeners registered successfully
[2025-10-22T12:42:22.365Z] INFO:    - TradeExecuted
[2025-10-22T12:42:22.365Z] INFO:    - GoodBotFlagged
[2025-10-22T12:42:22.365Z] INFO:    - BadBotFlagged
[2025-10-22T12:42:22.365Z] INFO:    - BotUnflagged
[2025-10-22T12:42:22.365Z] INFO: 
🎯 Waiting for events...

[2025-10-22T12:42:22.365Z] INFO: 🔍 Querying past events from block 9465763 to 9465863...
[2025-10-22T12:42:22.621Z] INFO:    No past trade events found in last 100 blocks
[2025-10-22T12:42:22.989Z] INFO: ff61491a: $3856.96 (±$1.91)
[2025-10-22T12:42:22.989Z] INFO: ef0d8b6f: $186.84 (±$0.11)
[2025-10-22T12:42:22.989Z] INFO: e62df6c8: $108371.06 (±$65.42)
[2025-10-22T12:42:23.557Z] INFO: ff61491a: $3857.27 (±$2.10)
[2025-10-22T12:42:23.557Z] INFO: ef0d8b6f: $186.86 (±$0.12)
[2025-10-22T12:42:23.557Z] INFO: e62df6c8: $108373.00 (±$51.73)
[2025-10-22T12:42:24.704Z] INFO: ff61491a: $3856.96 (±$1.85)
[2025-10-22T12:42:24.744Z] INFO: ef0d8b6f: $186.85 (±$0.11)
[2025-10-22T12:42:24.748Z] INFO: e62df6c8: $108373.00 (±$65.28)
[2025-10-22T12:42:24.749Z] INFO: ff61491a: $3856.65 (±$2.12)
[2025-10-22T12:42:24.750Z] INFO: ef0d8b6f: $186.85 (±$0.12)
[2025-10-22T12:42:24.751Z] INFO: e62df6c8: $108372.16 (±$63.84)
[2025-10-22T12:42:24.753Z] WARN: Re-subscribing to 3 missing feeds
[2025-10-22T12:42:24.759Z] INFO: Subscribing to feeds batch 1: 0xe62df6c8b4a85fe1a6...
[2025-10-22T12:42:24.939Z] INFO: ff61491a: $3856.26 (±$1.74)
[2025-10-22T12:42:24.939Z] INFO: ef0d8b6f: $186.83 (±$0.11)
[2025-10-22T12:42:24.940Z] INFO: e62df6c8: $108370.84 (±$62.52)
[2025-10-22T12:42:24.941Z] INFO: ff61491a: $3856.09 (±$1.51)
[2025-10-22T12:42:24.942Z] INFO: ef0d8b6f: $186.83 (±$0.11)
[2025-10-22T12:42:24.942Z] INFO: e62df6c8: $108366.15 (±$42.80)
[2025-10-22T12:42:25.549Z] INFO: e62df6c8: $108363.41 (±$58.71)
[2025-10-22T12:42:25.551Z] INFO: ff61491a: $3855.85 (±$1.51)
[2025-10-22T12:42:25.551Z] INFO: ef0d8b6f: $186.82 (±$0.11)
[2025-10-22T12:42:25.654Z] INFO: e62df6c8: $108361.81 (±$45.79)
[2025-10-22T12:42:25.654Z] INFO: ff61491a: $3855.84 (±$1.64)
[2025-10-22T12:42:25.654Z] INFO: ef0d8b6f: $186.81 (±$0.10)
[2025-10-22T12:42:26.361Z] INFO: e62df6c8: $108362.00 (±$44.01)
[2025-10-22T12:42:26.361Z] INFO: ff61491a: $3855.85 (±$1.56)
[2025-10-22T12:42:26.361Z] INFO: ef0d8b6f: $186.81 (±$0.11)
[2025-10-22T12:42:26.641Z] INFO: e62df6c8: $108360.25 (±$44.80)
[2025-10-22T12:42:26.668Z] INFO: ff61491a: $3855.89 (±$1.55)
[2025-10-22T12:42:26.668Z] INFO: ef0d8b6f: $186.80 (±$0.10)
[2025-10-22T12:42:27.007Z] INFO: e62df6c8: $108361.48 (±$46.04)
[2025-10-22T12:42:27.008Z] INFO: ff61491a: $3855.93 (±$1.56)
[2025-10-22T12:42:27.008Z] INFO: ef0d8b6f: $186.80 (±$0.10)
[2025-10-22T12:42:27.379Z] INFO: e62df6c8: $108361.97 (±$43.52)
[2025-10-22T12:42:27.379Z] INFO: ff61491a: $3856.03 (±$1.55)
[2025-10-22T12:42:27.379Z] INFO: ef0d8b6f: $186.81 (±$0.12)
[2025-10-22T12:42:28.314Z] INFO: e62df6c8: $108361.97 (±$43.52)
[2025-10-22T12:42:28.387Z] INFO: ff61491a: $3856.13 (±$1.37)
[2025-10-22T12:42:28.443Z] INFO: ef0d8b6f: $186.81 (±$0.10)
[2025-10-22T12:42:28.573Z] INFO: e62df6c8: $108361.97 (±$45.12)
[2025-10-22T12:42:28.574Z] INFO: ff61491a: $3856.07 (±$1.24)
[2025-10-22T12:42:28.576Z] INFO: ef0d8b6f: $186.81 (±$0.10)
[2025-10-22T12:42:28.721Z] INFO: e62df6c8: $108361.97 (±$41.97)
[2025-10-22T12:42:28.722Z] INFO: ff61491a: $3855.95 (±$1.66)
[2025-10-22T12:42:28.722Z] INFO: ef0d8b6f: $186.81 (±$0.10)
[2025-10-22T12:42:29.117Z] INFO: e62df6c8: $108361.97 (±$45.12)
[2025-10-22T12:42:29.117Z] INFO: ff61491a: $3855.95 (±$1.66)
[2025-10-22T12:42:29.117Z] INFO: ef0d8b6f: $186.81 (±$0.11)
[2025-10-22T12:42:29.753Z] WARN: Re-subscribing to 3 missing feeds
[2025-10-22T12:42:29.759Z] INFO: Subscribing to feeds batch 1: 0xe62df6c8b4a85fe1a6...
[2025-10-22T12:42:29.878Z] INFO: e62df6c8: $108361.97 (±$45.12)
[2025-10-22T12:42:29.879Z] INFO: ff61491a: $3855.92 (±$1.45)
[2025-10-22T12:42:29.880Z] INFO: ef0d8b6f: $186.81 (±$0.11)
[2025-10-22T12:42:30.221Z] INFO: e62df6c8: $108361.97 (±$45.12)
[2025-10-22T12:42:30.221Z] INFO: ff61491a: $3855.94 (±$1.46)
[2025-10-22T12:42:30.222Z] INFO: ef0d8b6f: $186.81 (±$0.11)
[2025-10-22T12:42:30.380Z] INFO: e62df6c8: $108362.00 (±$43.41)
[2025-10-22T12:42:30.380Z] INFO: ff61491a: $3855.94 (±$1.54)
[2025-10-22T12:42:30.380Z] INFO: ef0d8b6f: $186.81 (±$0.11)
[2025-10-22T12:42:30.815Z] INFO: e62df6c8: $108362.83 (±$42.80)
[2025-10-22T12:42:30.816Z] INFO: ff61491a: $3856.01 (±$1.62)
[2025-10-22T12:42:30.816Z] INFO: ef0d8b6f: $186.82 (±$0.11)
[2025-10-22T12:42:31.552Z] INFO: e62df6c8: $108370.92 (±$39.58)
[2025-10-22T12:42:31.569Z] INFO: ff61491a: $3856.07 (±$1.67)
[2025-10-22T12:42:31.605Z] INFO: ef0d8b6f: $186.82 (±$0.12)
[2025-10-22T12:42:31.761Z] INFO: e62df6c8: $108370.17 (±$40.33)
[2025-10-22T12:42:31.766Z] INFO: ff61491a: $3856.12 (±$1.72)
[2025-10-22T12:42:31.766Z] INFO: ef0d8b6f: $186.83 (±$0.12)
[2025-10-22T12:42:32.028Z] INFO: e62df6c8: $108370.92 (±$42.13)
[2025-10-22T12:42:32.030Z] INFO: ff61491a: $3856.21 (±$1.70)
[2025-10-22T12:42:32.056Z] INFO: ef0d8b6f: $186.83 (±$0.12)
[2025-10-22T12:42:32.540Z] INFO: e62df6c8: $108370.00 (±$41.21)
[2025-10-22T12:42:32.542Z] INFO: ff61491a: $3856.21 (±$1.79)
[2025-10-22T12:42:32.543Z] INFO: ef0d8b6f: $186.82 (±$0.11)
[2025-10-22T12:42:33.541Z] INFO: e62df6c8: $108370.63 (±$38.07)
[2025-10-22T12:42:33.542Z] INFO: ff61491a: $3856.31 (±$1.78)
[2025-10-22T12:42:33.542Z] INFO: ef0d8b6f: $186.82 (±$0.12)
[2025-10-22T12:42:33.543Z] INFO: e62df6c8: $108370.32 (±$40.57)
[2025-10-22T12:42:33.543Z] INFO: ff61491a: $3856.31 (±$1.73)
[2025-10-22T12:42:33.543Z] INFO: ef0d8b6f: $186.83 (±$0.12)
[2025-10-22T12:42:33.748Z] INFO: e62df6c8: $108371.73 (±$38.47)
[2025-10-22T12:42:33.749Z] INFO: ff61491a: $3856.36 (±$1.78)
[2025-10-22T12:42:33.749Z] INFO: ef0d8b6f: $186.82 (±$0.11)
[2025-10-22T12:42:34.001Z] WARN: Missing price data for BTC/USD
[2025-10-22T12:42:34.002Z] WARN: Missing price data for ETH/USD
[2025-10-22T12:42:34.002Z] WARN: Missing price data for SOL/USD
[2025-10-22T12:42:34.002Z] WARN: Price data status: 0 stale, 3 missing
[2025-10-22T12:42:34.002Z] ERROR: Too many stale/missing prices, attempting to recover connection...
[2025-10-22T12:42:34.002Z] INFO: Starting Pyth price stream for 3 feeds
[2025-10-22T12:42:34.022Z] WARN: WebSocket connection closed
[2025-10-22T12:42:34.022Z] INFO: Reconnection attempt 1/5 in 2s...
[2025-10-22T12:42:34.075Z] WARN: Missing price data for BTC/USD
[2025-10-22T12:42:34.076Z] WARN: Missing price data for ETH/USD
[2025-10-22T12:42:34.076Z] WARN: Missing price data for SOL/USD
[2025-10-22T12:42:34.077Z] WARN: Price data status: 0 stale, 3 missing
[2025-10-22T12:42:34.077Z] ERROR: Too many stale/missing prices, attempting to recover connection...
[2025-10-22T12:42:34.077Z] INFO: Starting Pyth price stream for 3 feeds
[2025-10-22T12:42:34.210Z] ERROR: WebSocket error: WebSocket was closed before the connection was established
[2025-10-22T12:42:34.211Z] WARN: WebSocket connection closed
[2025-10-22T12:42:34.978Z] INFO: WebSocket connection established
[2025-10-22T12:42:34.979Z] INFO: Subscribing to feeds batch 1: 0xe62df6c8b4a85fe1a6...
[2025-10-22T12:42:35.600Z] INFO: e62df6c8: $108375.50 (±$39.10)
[2025-10-22T12:42:35.600Z] INFO: ef0d8b6f: $186.84 (±$0.09)
[2025-10-22T12:42:35.601Z] INFO: ff61491a: $3856.47 (±$1.61)
[2025-10-22T12:42:35.914Z] INFO: e62df6c8: $108373.00 (±$39.08)
[2025-10-22T12:42:35.914Z] INFO: ef0d8b6f: $186.84 (±$0.09)
[2025-10-22T12:42:35.914Z] INFO: ff61491a: $3856.48 (±$1.53)
[2025-10-22T12:42:36.029Z] WARN: WebSocket connection closed
[2025-10-22T12:42:36.030Z] INFO: Reconnection attempt 1/5 in 2s...
[2025-10-22T12:42:36.725Z] INFO: WebSocket connection established
[2025-10-22T12:42:36.726Z] INFO: Subscribing to feeds batch 1: 0xe62df6c8b4a85fe1a6...
[2025-10-22T12:42:36.726Z] INFO: Reconnection successful
[2025-10-22T12:42:37.190Z] INFO: ff61491a: $3856.46 (±$1.59)
[2025-10-22T12:42:37.191Z] INFO: ef0d8b6f: $186.84 (±$0.09)
[2025-10-22T12:42:37.191Z] INFO: e62df6c8: $108375.50 (±$40.60)
[2025-10-22T12:42:37.573Z] INFO: ff61491a: $3856.46 (±$1.57)
[2025-10-22T12:42:37.573Z] INFO: ef0d8b6f: $186.84 (±$0.09)
[2025-10-22T12:42:37.574Z] INFO: e62df6c8: $108377.81 (±$38.29)
[2025-10-22T12:42:38.033Z] WARN: WebSocket connection closed
[2025-10-22T12:42:38.034Z] INFO: Reconnection attempt 1/5 in 2s...
[2025-10-22T12:42:38.808Z] INFO: WebSocket connection established
[2025-10-22T12:42:38.809Z] INFO: Subscribing to feeds batch 1: 0xe62df6c8b4a85fe1a6...
[2025-10-22T12:42:38.809Z] INFO: Reconnection successful
[2025-10-22T12:42:39.079Z] WARN: Re-subscribing to 3 missing feeds
[2025-10-22T12:42:39.081Z] INFO: Subscribing to feeds batch 1: 0xe62df6c8b4a85fe1a6...
[2025-10-22T12:42:39.245Z] INFO: ef0d8b6f: $186.83 (±$0.09)
[2025-10-22T12:42:39.245Z] INFO: e62df6c8: $108378.21 (±$40.28)
[2025-10-22T12:42:39.245Z] INFO: ff61491a: $3856.48 (±$1.59)
[2025-10-22T12:42:40.039Z] WARN: WebSocket connection closed
[2025-10-22T12:42:40.040Z] INFO: Reconnection attempt 1/5 in 2s...
[2025-10-22T12:42:40.721Z] INFO: WebSocket connection established
[2025-10-22T12:42:40.723Z] INFO: Subscribing to feeds batch 1: 0xe62df6c8b4a85fe1a6...
[2025-10-22T12:42:40.723Z] INFO: Reconnection successful
[2025-10-22T12:42:41.872Z] INFO: e62df6c8: $108376.99 (±$37.31)
[2025-10-22T12:42:41.873Z] INFO: ef0d8b6f: $186.82 (±$0.09)
[2025-10-22T12:42:41.873Z] INFO: ff61491a: $3856.49 (±$1.45)
[2025-10-22T12:42:42.042Z] WARN: WebSocket connection closed
[2025-10-22T12:42:42.042Z] INFO: Reconnection attempt 1/5 in 2s...
[2025-10-22T12:42:42.708Z] INFO: WebSocket connection established
[2025-10-22T12:42:42.709Z] INFO: Subscribing to feeds batch 1: 0xe62df6c8b4a85fe1a6...
[2025-10-22T12:42:42.709Z] INFO: Reconnection successful
[2025-10-22T12:42:43.654Z] INFO: ff61491a: $3856.60 (±$1.37)
[2025-10-22T12:42:43.654Z] INFO: ef0d8b6f: $186.79 (±$0.08)
[2025-10-22T12:42:43.655Z] INFO: e62df6c8: $108378.21 (±$41.22)
[2025-10-22T12:42:43.655Z] INFO: ff61491a: $3856.52 (±$1.28)
[2025-10-22T12:42:43.655Z] INFO: ef0d8b6f: $186.79 (±$0.08)
[2025-10-22T12:42:43.655Z] INFO: e62df6c8: $108378.21 (±$41.22)
[2025-10-22T12:42:44.044Z] WARN: WebSocket connection closed
[2025-10-22T12:42:44.045Z] INFO: Reconnection attempt 1/5 in 2s...
[2025-10-22T12:42:44.770Z] INFO: WebSocket connection established
[2025-10-22T12:42:44.770Z] INFO: Subscribing to feeds batch 1: 0xe62df6c8b4a85fe1a6...
[2025-10-22T12:42:44.770Z] INFO: Reconnection successful
[2025-10-22T12:42:45.430Z] INFO: ff61491a: $3857.24 (±$1.81)
[2025-10-22T12:42:45.430Z] INFO: ef0d8b6f: $186.84 (±$0.10)
[2025-10-22T12:42:45.430Z] INFO: e62df6c8: $108389.42 (±$38.70)
[2025-10-22T12:42:45.870Z] INFO: ff61491a: $3857.40 (±$1.71)
[2025-10-22T12:42:45.871Z] INFO: ef0d8b6f: $186.84 (±$0.07)
[2025-10-22T12:42:45.871Z] INFO: e62df6c8: $108392.27 (±$38.42)
[2025-10-22T12:42:46.053Z] WARN: WebSocket connection closed
[2025-10-22T12:42:46.053Z] INFO: Reconnection attempt 1/5 in 2s...
[2025-10-22T12:42:46.879Z] INFO: WebSocket connection established
[2025-10-22T12:42:46.880Z] INFO: Subscribing to feeds batch 1: 0xe62df6c8b4a85fe1a6...
[2025-10-22T12:42:46.880Z] INFO: Reconnection successful
[2025-10-22T12:42:47.192Z] INFO: e62df6c8: $108405.00 (±$47.42)
[2025-10-22T12:42:47.193Z] INFO: ff61491a: $3857.85 (±$1.68)
[2025-10-22T12:42:47.193Z] INFO: ef0d8b6f: $186.86 (±$0.10)
[2025-10-22T12:42:47.512Z] INFO: e62df6c8: $108403.90 (±$46.32)
[2025-10-22T12:42:47.512Z] INFO: ff61491a: $3857.85 (±$1.72)
[2025-10-22T12:42:47.512Z] INFO: ef0d8b6f: $186.86 (±$0.10)
[2025-10-22T12:42:47.966Z] INFO: e62df6c8: $108405.00 (±$44.61)
[2025-10-22T12:42:47.968Z] INFO: ff61491a: $3857.85 (±$1.92)
[2025-10-22T12:42:47.968Z] INFO: ef0d8b6f: $186.87 (±$0.11)
[2025-10-22T12:42:48.057Z] WARN: WebSocket connection closed
[2025-10-22T12:42:48.057Z] INFO: Reconnection attempt 1/5 in 2s...
[2025-10-22T12:42:48.820Z] INFO: WebSocket connection established
[2025-10-22T12:42:48.820Z] INFO: Subscribing to feeds batch 1: 0xe62df6c8b4a85fe1a6...
[2025-10-22T12:42:48.820Z] INFO: Reconnection successful
[2025-10-22T12:42:49.080Z] WARN: Re-subscribing to 3 missing feeds
[2025-10-22T12:42:49.080Z] INFO: Subscribing to feeds batch 1: 0xe62df6c8b4a85fe1a6...
[2025-10-22T12:42:49.333Z] INFO: ff61491a: $3858.59 (±$1.94)
[2025-10-22T12:42:49.333Z] INFO: e62df6c8: $108423.65 (±$57.56)
[2025-10-22T12:42:49.333Z] INFO: ef0d8b6f: $186.91 (±$0.12)
[2025-10-22T12:42:49.619Z] INFO: ff61491a: $3858.67 (±$1.90)
[2025-10-22T12:42:49.619Z] INFO: ef0d8b6f: $186.91 (±$0.13)
[2025-10-22T12:42:49.619Z] INFO: e62df6c8: $108426.34 (±$40.81)
[2025-10-22T12:42:50.060Z] WARN: WebSocket connection closed
[2025-10-22T12:42:50.060Z] INFO: Reconnection attempt 1/5 in 2s...
[2025-10-22T12:42:50.843Z] INFO: WebSocket connection established
[2025-10-22T12:42:50.844Z] INFO: Subscribing to feeds batch 1: 0xe62df6c8b4a85fe1a6...
[2025-10-22T12:42:50.844Z] INFO: Reconnection successful
[2025-10-22T12:42:51.364Z] INFO: ef0d8b6f: $186.92 (±$0.12)
[2025-10-22T12:42:51.478Z] INFO: e62df6c8: $108432.10 (±$44.20)
[2025-10-22T12:42:51.483Z] INFO: ff61491a: $3858.99 (±$2.22)
[2025-10-22T12:42:51.985Z] INFO: ef0d8b6f: $186.92 (±$0.12)
[2025-10-22T12:42:51.986Z] INFO: e62df6c8: $108432.00 (±$47.41)
[2025-10-22T12:42:51.986Z] INFO: ff61491a: $3858.99 (±$1.86)
[2025-10-22T12:42:52.068Z] WARN: WebSocket connection closed
[2025-10-22T12:42:52.069Z] INFO: Reconnection attempt 1/5 in 2s...
[2025-10-22T12:42:52.824Z] INFO: WebSocket connection established
[2025-10-22T12:42:52.825Z] INFO: Subscribing to feeds batch 1: 0xe62df6c8b4a85fe1a6...
[2025-10-22T12:42:52.825Z] INFO: Reconnection successful
[2025-10-22T12:42:53.506Z] INFO: ff61491a: $3858.98 (±$1.56)
[2025-10-22T12:42:53.507Z] INFO: ef0d8b6f: $186.91 (±$0.10)
[2025-10-22T12:42:53.508Z] INFO: e62df6c8: $108437.41 (±$49.37)
[2025-10-22T12:42:53.933Z] INFO: ff61491a: $3859.06 (±$1.62)
[2025-10-22T12:42:53.933Z] INFO: ef0d8b6f: $186.91 (±$0.10)
[2025-10-22T12:42:53.933Z] INFO: e62df6c8: $108437.87 (±$45.13)
[2025-10-22T12:42:54.077Z] WARN: WebSocket connection closed
[2025-10-22T12:42:54.078Z] INFO: Reconnection attempt 1/5 in 2s...
[2025-10-22T12:42:54.258Z] WARN: Missing price data for BTC/USD
[2025-10-22T12:42:54.261Z] WARN: Missing price data for ETH/USD
[2025-10-22T12:42:54.262Z] WARN: Missing price data for SOL/USD
[2025-10-22T12:42:54.264Z] WARN: Price data status: 0 stale, 3 missing
[2025-10-22T12:42:54.264Z] ERROR: Too many stale/missing prices, attempting to recover connection...
[2025-10-22T12:42:54.286Z] INFO: Starting Pyth price stream for 3 feeds
[2025-10-22T12:42:54.330Z] ERROR: WebSocket error: WebSocket was closed before the connection was established
[2025-10-22T12:42:54.335Z] WARN: WebSocket connection closed
[2025-10-22T12:42:54.376Z] WARN: Missing price data for BTC/USD
[2025-10-22T12:42:54.378Z] WARN: Missing price data for ETH/USD
[2025-10-22T12:42:54.380Z] WARN: Missing price data for SOL/USD
[2025-10-22T12:42:54.381Z] WARN: Price data status: 0 stale, 3 missing
[2025-10-22T12:42:54.383Z] ERROR: Too many stale/missing prices, attempting to recover connection...
[2025-10-22T12:42:54.385Z] INFO: Starting Pyth price stream for 3 feeds
[2025-10-22T12:42:54.397Z] ERROR: WebSocket error: WebSocket was closed before the connection was established
[2025-10-22T12:42:54.397Z] WARN: WebSocket connection closed
[2025-10-22T12:42:55.084Z] INFO: WebSocket connection established
[2025-10-22T12:42:55.084Z] INFO: Subscribing to feeds batch 1: 0xe62df6c8b4a85fe1a6...
[2025-10-22T12:42:55.519Z] INFO: ff61491a: $3858.93 (±$1.72)
[2025-10-22T12:42:55.519Z] INFO: ef0d8b6f: $186.89 (±$0.10)
[2025-10-22T12:42:55.520Z] INFO: e62df6c8: $108438.38 (±$43.87)
[2025-10-22T12:42:55.708Z] INFO: ff61491a: $3858.90 (±$1.57)
[2025-10-22T12:42:55.708Z] INFO: ef0d8b6f: $186.89 (±$0.08)
[2025-10-22T12:42:55.708Z] INFO: e62df6c8: $108438.08 (±$43.57)
[2025-10-22T12:42:56.029Z] INFO: ff61491a: $3858.88 (±$1.55)
[2025-10-22T12:42:56.029Z] INFO: ef0d8b6f: $186.87 (±$0.09)
[2025-10-22T12:42:56.029Z] INFO: e62df6c8: $108435.25 (±$42.00)
[2025-10-22T12:42:56.113Z] WARN: WebSocket connection closed
[2025-10-22T12:42:56.114Z] INFO: Reconnection attempt 1/5 in 2s...
[2025-10-22T12:42:56.891Z] INFO: WebSocket connection established
[2025-10-22T12:42:56.891Z] INFO: Subscribing to feeds batch 1: 0xe62df6c8b4a85fe1a6...
[2025-10-22T12:42:56.891Z] INFO: Reconnection successful
[2025-10-22T12:42:57.294Z] INFO: ef0d8b6f: $186.87 (±$0.09)
[2025-10-22T12:42:57.295Z] INFO: ff61491a: $3858.69 (±$1.60)
[2025-10-22T12:42:57.295Z] INFO: e62df6c8: $108431.68 (±$51.37)
[2025-10-22T12:42:57.456Z] INFO: ef0d8b6f: $186.86 (±$0.08)
[2025-10-22T12:42:57.456Z] INFO: ff61491a: $3858.57 (±$1.48)
[2025-10-22T12:42:57.456Z] INFO: e62df6c8: $108433.01 (±$42.55)
[2025-10-22T12:42:57.786Z] INFO: ef0d8b6f: $186.85 (±$0.07)
[2025-10-22T12:42:57.787Z] INFO: ff61491a: $3858.57 (±$1.46)
[2025-10-22T12:42:57.787Z] INFO: e62df6c8: $108434.06 (±$43.29)
[2025-10-22T12:42:58.104Z] INFO: ef0d8b6f: $186.84 (±$0.09)
[2025-10-22T12:42:58.104Z] INFO: ff61491a: $3858.52 (±$1.36)
[2025-10-22T12:42:58.104Z] INFO: e62df6c8: $108432.29 (±$42.27)
[2025-10-22T12:42:58.117Z] WARN: WebSocket connection closed
[2025-10-22T12:42:58.117Z] INFO: Reconnection attempt 1/5 in 2s...
[2025-10-22T12:42:58.835Z] INFO: WebSocket connection established
[2025-10-22T12:42:58.836Z] INFO: Subscribing to feeds batch 1: 0xe62df6c8b4a85fe1a6...
[2025-10-22T12:42:58.836Z] INFO: Reconnection successful
[2025-10-22T12:42:58.921Z] INFO: SIGINT signal received: closing HTTP server
[2025-10-22T12:45:39.366Z] INFO: ✅ HTTP Provider initialized: https://sepolia.infura.io/v3/2758fd4e9f4640e2b22cd...
[2025-10-22T12:45:39.376Z] WARN: ⚠️  No valid private key found. Running in READ-ONLY mode.
[2025-10-22T12:45:39.378Z] WARN:    Event listening will work, but write operations will be disabled.
[2025-10-22T12:45:39.400Z] INFO: ✅ Contract initialized at: 0x2cC7fD19b0953a1C8E5eea66AbAB89977A4619e2
[2025-10-22T12:45:39.479Z] WARN: ⚠️  Read-only mode - no private key provided
[2025-10-22T12:45:39.496Z] INFO: 
============================================================
[2025-10-22T12:45:39.497Z] INFO: 🛡️  BOT DETECTION SYSTEM RUNNING
[2025-10-22T12:45:39.497Z] INFO: ============================================================
[2025-10-22T12:45:39.497Z] INFO: Server: http://localhost:3000
[2025-10-22T12:45:39.497Z] INFO: Environment: development
[2025-10-22T12:45:39.497Z] INFO: Contract: 0x2cC7fD19b0953a1C8E5eea66AbAB89977A4619e2
[2025-10-22T12:45:39.498Z] INFO: ============================================================

[2025-10-22T12:45:39.498Z] INFO: 🚀 Starting Bot Detection System...
[2025-10-22T12:45:39.498Z] INFO: 📡 Starting Pyth Hermes price stream...
[2025-10-22T12:45:39.498Z] INFO: Starting Pyth price stream for 3 feeds
[2025-10-22T12:45:40.720Z] INFO: WebSocket connection established
[2025-10-22T12:45:40.726Z] INFO: Subscribing to feeds batch 1: 0xe62df6c8b4a85fe1a6...
[2025-10-22T12:45:40.920Z] INFO: ✅ Connected to Ethereum Mainnet - Current Block: 9465880
[2025-10-22T12:45:41.123Z] INFO: ef0d8b6f: $186.30 (±$0.07)
[2025-10-22T12:45:41.124Z] INFO: e62df6c8: $108159.24 (±$39.26)
[2025-10-22T12:45:41.125Z] INFO: ff61491a: $3850.74 (±$1.28)
[2025-10-22T12:45:41.380Z] INFO: ef0d8b6f: $186.30 (±$0.07)
[2025-10-22T12:45:41.383Z] INFO: e62df6c8: $108156.14 (±$42.36)
[2025-10-22T12:45:41.384Z] INFO: ff61491a: $3850.73 (±$1.27)
[2025-10-22T12:45:41.749Z] INFO: ef0d8b6f: $186.31 (±$0.07)
[2025-10-22T12:45:41.750Z] INFO: e62df6c8: $108151.47 (±$40.56)
[2025-10-22T12:45:41.750Z] INFO: ff61491a: $3850.75 (±$1.23)
[2025-10-22T12:45:42.491Z] INFO: ef0d8b6f: $186.30 (±$0.08)
[2025-10-22T12:45:42.492Z] INFO: e62df6c8: $108148.52 (±$42.45)
[2025-10-22T12:45:42.492Z] INFO: ff61491a: $3850.82 (±$1.50)
[2025-10-22T12:45:42.593Z] INFO: 👂 Starting blockchain event listener...
[2025-10-22T12:45:42.596Z] INFO: 👂 Starting to listen for TradeExecuted events...
[2025-10-22T12:45:42.596Z] INFO:    Contract: 0x2cC7fD19b0953a1C8E5eea66AbAB89977A4619e2
[2025-10-22T12:45:42.596Z] INFO:    Network: Ethereum Mainnet (Chain ID: 11155111)
[2025-10-22T12:45:42.597Z] INFO: ✅ All services started successfully!
[2025-10-22T12:45:42.730Z] INFO: ef0d8b6f: $186.31 (±$0.08)
[2025-10-22T12:45:42.731Z] INFO: e62df6c8: $108149.29 (±$41.54)
[2025-10-22T12:45:42.731Z] INFO: ff61491a: $3850.82 (±$1.53)
[2025-10-22T12:45:42.858Z] INFO:    Starting from block: 9465880
[2025-10-22T12:45:42.868Z] INFO: ✅ Event listeners registered successfully
[2025-10-22T12:45:42.869Z] INFO:    - TradeExecuted
[2025-10-22T12:45:42.869Z] INFO:    - GoodBotFlagged
[2025-10-22T12:45:42.869Z] INFO:    - BadBotFlagged
[2025-10-22T12:45:42.869Z] INFO:    - BotUnflagged
[2025-10-22T12:45:42.869Z] INFO: 
🎯 Waiting for events...

[2025-10-22T12:45:42.869Z] INFO: 🔍 Querying past events from block 9465780 to 9465880...
[2025-10-22T12:45:42.992Z] INFO: ef0d8b6f: $186.31 (±$0.07)
[2025-10-22T12:45:42.992Z] INFO: e62df6c8: $108151.25 (±$42.15)
[2025-10-22T12:45:42.993Z] INFO: ff61491a: $3850.91 (±$1.52)
[2025-10-22T12:45:43.139Z] INFO:    No past trade events found in last 100 blocks
[2025-10-22T12:45:43.478Z] INFO: ef0d8b6f: $186.32 (±$0.09)
[2025-10-22T12:45:43.478Z] INFO: e62df6c8: $108155.34 (±$38.06)
[2025-10-22T12:45:43.479Z] INFO: ff61491a: $3851.22 (±$1.92)
[2025-10-22T12:45:44.174Z] INFO: ef0d8b6f: $186.33 (±$0.08)
[2025-10-22T12:45:44.175Z] INFO: e62df6c8: $108155.34 (±$38.06)
[2025-10-22T12:45:44.175Z] INFO: ff61491a: $3851.31 (±$1.66)
[2025-10-22T12:45:44.382Z] INFO: ef0d8b6f: $186.34 (±$0.09)
[2025-10-22T12:45:44.383Z] INFO: e62df6c8: $108154.00 (±$39.50)
[2025-10-22T12:45:44.384Z] INFO: ff61491a: $3851.35 (±$1.72)
[2025-10-22T12:45:44.568Z] WARN: Re-subscribing to 3 missing feeds
[2025-10-22T12:45:44.584Z] INFO: Subscribing to feeds batch 1: 0xe62df6c8b4a85fe1a6...
[2025-10-22T12:45:44.758Z] INFO: ef0d8b6f: $186.34 (±$0.10)
[2025-10-22T12:45:44.760Z] INFO: e62df6c8: $108154.80 (±$38.70)
[2025-10-22T12:45:44.760Z] INFO: ff61491a: $3851.57 (±$1.99)
[2025-10-22T12:45:45.225Z] INFO: e62df6c8: $108154.91 (±$42.03)
[2025-10-22T12:45:45.226Z] INFO: ff61491a: $3851.49 (±$1.97)
[2025-10-22T12:45:45.226Z] INFO: ef0d8b6f: $186.34 (±$0.11)
[2025-10-22T12:45:45.810Z] INFO: e62df6c8: $108155.40 (±$42.52)
[2025-10-22T12:45:45.840Z] INFO: ff61491a: $3851.75 (±$1.99)
[2025-10-22T12:45:45.849Z] INFO: ef0d8b6f: $186.35 (±$0.11)
[2025-10-22T12:45:46.051Z] INFO: e62df6c8: $108155.13 (±$37.40)
[2025-10-22T12:45:46.061Z] INFO: ff61491a: $3851.79 (±$1.82)
[2025-10-22T12:45:46.103Z] INFO: ef0d8b6f: $186.35 (±$0.11)
[2025-10-22T12:45:46.498Z] INFO: e62df6c8: $108154.22 (±$37.96)
[2025-10-22T12:45:46.503Z] INFO: ff61491a: $3851.66 (±$1.56)
[2025-10-22T12:45:46.505Z] INFO: ef0d8b6f: $186.35 (±$0.11)
[2025-10-22T12:45:46.823Z] INFO: e62df6c8: $108155.34 (±$37.96)
[2025-10-22T12:45:46.825Z] INFO: ff61491a: $3851.54 (±$1.51)
[2025-10-22T12:45:46.825Z] INFO: ef0d8b6f: $186.34 (±$0.10)
[2025-10-22T12:45:47.719Z] INFO: e62df6c8: $108153.00 (±$39.18)
[2025-10-22T12:45:48.169Z] INFO: ff61491a: $3851.62 (±$1.40)
[2025-10-22T12:45:48.184Z] INFO: ef0d8b6f: $186.35 (±$0.11)
[2025-10-22T12:45:48.861Z] INFO: e62df6c8: $108153.00 (±$39.06)
[2025-10-22T12:45:48.865Z] INFO: ff61491a: $3851.61 (±$1.38)
[2025-10-22T12:45:48.865Z] INFO: ef0d8b6f: $186.35 (±$0.11)
[2025-10-22T12:45:48.866Z] INFO: e62df6c8: $108153.00 (±$39.30)
[2025-10-22T12:45:48.866Z] INFO: ff61491a: $3851.61 (±$1.36)
[2025-10-22T12:45:48.866Z] INFO: ef0d8b6f: $186.35 (±$0.09)
[2025-10-22T12:45:48.871Z] INFO: e62df6c8: $108153.00 (±$39.30)
[2025-10-22T12:45:48.872Z] INFO: ff61491a: $3851.60 (±$1.40)
[2025-10-22T12:45:48.873Z] INFO: ef0d8b6f: $186.35 (±$0.09)
[2025-10-22T12:45:49.060Z] INFO: e62df6c8: $108152.46 (±$39.84)
[2025-10-22T12:45:49.061Z] INFO: ff61491a: $3851.57 (±$1.25)
[2025-10-22T12:45:49.061Z] INFO: ef0d8b6f: $186.35 (±$0.10)
[2025-10-22T12:45:49.386Z] INFO: e62df6c8: $108153.43 (±$40.03)
[2025-10-22T12:45:49.387Z] INFO: ff61491a: $3851.56 (±$1.28)
[2025-10-22T12:45:49.388Z] INFO: ef0d8b6f: $186.34 (±$0.09)
[2025-10-22T12:45:49.565Z] WARN: Re-subscribing to 3 missing feeds
[2025-10-22T12:45:49.568Z] INFO: Subscribing to feeds batch 1: 0xe62df6c8b4a85fe1a6...
[2025-10-22T12:45:49.723Z] INFO: e62df6c8: $108152.57 (±$39.73)
[2025-10-22T12:45:49.724Z] INFO: ff61491a: $3851.56 (±$1.34)
[2025-10-22T12:45:49.724Z] INFO: ef0d8b6f: $186.34 (±$0.07)
[2025-10-22T12:45:50.147Z] INFO: e62df6c8: $108152.78 (±$39.82)
[2025-10-22T12:45:50.148Z] INFO: ff61491a: $3851.51 (±$1.45)
[2025-10-22T12:45:50.148Z] INFO: ef0d8b6f: $186.34 (±$0.08)
[2025-10-22T12:45:50.949Z] INFO: e62df6c8: $108153.00 (±$39.60)
[2025-10-22T12:45:50.950Z] INFO: ff61491a: $3851.50 (±$1.32)
[2025-10-22T12:45:50.951Z] INFO: ef0d8b6f: $186.34 (±$0.08)
[2025-10-22T12:45:51.155Z] INFO: e62df6c8: $108157.00 (±$42.68)
[2025-10-22T12:45:51.156Z] INFO: ff61491a: $3851.46 (±$1.40)
[2025-10-22T12:45:51.156Z] INFO: ef0d8b6f: $186.34 (±$0.08)
[2025-10-22T12:45:51.662Z] INFO: e62df6c8: $108157.85 (±$38.13)
[2025-10-22T12:45:51.776Z] INFO: ff61491a: $3851.50 (±$1.50)
[2025-10-22T12:45:51.777Z] INFO: ef0d8b6f: $186.35 (±$0.08)
[2025-10-22T12:45:51.927Z] INFO: e62df6c8: $108158.03 (±$41.64)
[2025-10-22T12:45:51.928Z] INFO: ff61491a: $3851.46 (±$1.41)
[2025-10-22T12:45:51.928Z] INFO: ef0d8b6f: $186.35 (±$0.09)
[2025-10-22T12:45:52.689Z] INFO: e62df6c8: $108162.00 (±$39.38)
[2025-10-22T12:45:52.691Z] INFO: ff61491a: $3851.42 (±$1.45)
[2025-10-22T12:45:52.691Z] INFO: ef0d8b6f: $186.35 (±$0.09)
[2025-10-22T12:45:52.979Z] INFO: e62df6c8: $108159.50 (±$36.19)
[2025-10-22T12:45:52.980Z] INFO: ff61491a: $3851.49 (±$1.38)
[2025-10-22T12:45:52.980Z] INFO: ef0d8b6f: $186.35 (±$0.09)
[2025-10-22T12:45:53.081Z] WARN: Missing price data for BTC/USD
[2025-10-22T12:45:53.082Z] WARN: Missing price data for ETH/USD
[2025-10-22T12:45:53.082Z] WARN: Missing price data for SOL/USD
[2025-10-22T12:45:53.082Z] WARN: Price data status: 0 stale, 3 missing
[2025-10-22T12:45:53.083Z] ERROR: Too many stale/missing prices, attempting to recover connection...
[2025-10-22T12:45:53.084Z] INFO: Starting Pyth price stream for 3 feeds
[2025-10-22T12:45:53.101Z] WARN: WebSocket connection closed
[2025-10-22T12:45:53.103Z] INFO: Reconnection attempt 1/5 in 2s...
[2025-10-22T12:45:53.145Z] WARN: Missing price data for BTC/USD
[2025-10-22T12:45:53.145Z] WARN: Missing price data for ETH/USD
[2025-10-22T12:45:53.145Z] WARN: Missing price data for SOL/USD
[2025-10-22T12:45:53.147Z] WARN: Price data status: 0 stale, 3 missing
[2025-10-22T12:45:53.147Z] ERROR: Too many stale/missing prices, attempting to recover connection...
[2025-10-22T12:45:53.148Z] INFO: Starting Pyth price stream for 3 feeds
[2025-10-22T12:45:53.153Z] ERROR: WebSocket error: WebSocket was closed before the connection was established
[2025-10-22T12:45:53.153Z] WARN: WebSocket connection closed
[2025-10-22T12:45:53.682Z] INFO: WebSocket connection established
[2025-10-22T12:45:53.683Z] INFO: Subscribing to feeds batch 1: 0xe62df6c8b4a85fe1a6...
[2025-10-22T12:45:54.271Z] INFO: e62df6c8: $108161.00 (±$34.44)
[2025-10-22T12:45:54.271Z] INFO: ff61491a: $3851.50 (±$1.32)
[2025-10-22T12:45:54.271Z] INFO: ef0d8b6f: $186.35 (±$0.07)
[2025-10-22T12:45:54.571Z] INFO: e62df6c8: $108162.00 (±$39.66)
[2025-10-22T12:45:54.572Z] INFO: ff61491a: $3851.60 (±$1.35)
[2025-10-22T12:45:54.572Z] INFO: ef0d8b6f: $186.35 (±$0.07)
[2025-10-22T12:45:55.106Z] WARN: WebSocket connection closed
[2025-10-22T12:45:55.106Z] INFO: Reconnection attempt 1/5 in 2s...
[2025-10-22T12:45:55.790Z] INFO: WebSocket connection established
[2025-10-22T12:45:55.791Z] INFO: Subscribing to feeds batch 1: 0xe62df6c8b4a85fe1a6...
[2025-10-22T12:45:55.791Z] INFO: Reconnection successful
[2025-10-22T12:45:56.251Z] INFO: ef0d8b6f: $186.35 (±$0.08)
[2025-10-22T12:45:56.252Z] INFO: ff61491a: $3851.50 (±$1.30)
[2025-10-22T12:45:56.252Z] INFO: e62df6c8: $108161.46 (±$34.55)
[2025-10-22T12:45:56.483Z] INFO: ef0d8b6f: $186.35 (±$0.07)
[2025-10-22T12:45:56.483Z] INFO: ff61491a: $3851.42 (±$1.38)
[2025-10-22T12:45:56.483Z] INFO: e62df6c8: $108161.50 (±$34.59)
[2025-10-22T12:45:56.754Z] INFO: ef0d8b6f: $186.35 (±$0.07)
[2025-10-22T12:45:56.755Z] INFO: ff61491a: $3851.55 (±$1.35)
[2025-10-22T12:45:56.755Z] INFO: e62df6c8: $108161.78 (±$35.28)
[2025-10-22T12:45:57.110Z] WARN: WebSocket connection closed
[2025-10-22T12:45:57.110Z] INFO: Reconnection attempt 1/5 in 2s...
[2025-10-22T12:45:57.956Z] INFO: WebSocket connection established
[2025-10-22T12:45:57.957Z] INFO: Subscribing to feeds batch 1: 0xe62df6c8b4a85fe1a6...
[2025-10-22T12:45:57.957Z] INFO: Reconnection successful
[2025-10-22T12:45:58.149Z] WARN: Re-subscribing to 3 missing feeds
[2025-10-22T12:45:58.149Z] INFO: Subscribing to feeds batch 1: 0xe62df6c8b4a85fe1a6...
[2025-10-22T12:45:58.386Z] INFO: ff61491a: $3851.52 (±$1.40)
[2025-10-22T12:45:58.386Z] INFO: ef0d8b6f: $186.34 (±$0.07)
[2025-10-22T12:45:58.386Z] INFO: e62df6c8: $108161.61 (±$35.33)
[2025-10-22T12:45:58.774Z] INFO: ff61491a: $3851.52 (±$1.28)
[2025-10-22T12:45:58.774Z] INFO: e62df6c8: $108161.44 (±$33.59)
[2025-10-22T12:45:58.774Z] INFO: ef0d8b6f: $186.35 (±$0.08)
[2025-10-22T12:45:59.112Z] WARN: WebSocket connection closed
[2025-10-22T12:45:59.112Z] INFO: Reconnection attempt 1/5 in 2s...
[2025-10-22T12:45:59.826Z] INFO: WebSocket connection established
[2025-10-22T12:45:59.827Z] INFO: Subscribing to feeds batch 1: 0xe62df6c8b4a85fe1a6...
[2025-10-22T12:45:59.827Z] INFO: Reconnection successful
[2025-10-22T12:46:00.508Z] INFO: ef0d8b6f: $186.35 (±$0.08)
[2025-10-22T12:46:00.508Z] INFO: ff61491a: $3851.56 (±$1.33)
[2025-10-22T12:46:00.508Z] INFO: e62df6c8: $108161.75 (±$33.90)
[2025-10-22T12:46:01.115Z] WARN: WebSocket connection closed
[2025-10-22T12:46:01.116Z] INFO: Reconnection attempt 1/5 in 2s...
[2025-10-22T12:46:01.815Z] INFO: WebSocket connection established
[2025-10-22T12:46:01.816Z] INFO: Subscribing to feeds batch 1: 0xe62df6c8b4a85fe1a6...
[2025-10-22T12:46:01.816Z] INFO: Reconnection successful
[2025-10-22T12:46:02.909Z] INFO: ef0d8b6f: $186.29 (±$0.08)
[2025-10-22T12:46:02.910Z] INFO: e62df6c8: $108161.32 (±$34.39)
[2025-10-22T12:46:02.910Z] INFO: ff61491a: $3850.24 (±$1.50)
[2025-10-22T12:46:03.121Z] WARN: WebSocket connection closed
[2025-10-22T12:46:03.121Z] INFO: Reconnection attempt 1/5 in 2s...
[2025-10-22T12:46:03.873Z] INFO: WebSocket connection established
[2025-10-22T12:46:03.873Z] INFO: Subscribing to feeds batch 1: 0xe62df6c8b4a85fe1a6...
[2025-10-22T12:46:03.874Z] INFO: Reconnection successful
[2025-10-22T12:46:04.234Z] INFO: ff61491a: $3849.85 (±$1.86)
[2025-10-22T12:46:04.234Z] INFO: ef0d8b6f: $186.27 (±$0.08)
[2025-10-22T12:46:04.234Z] INFO: e62df6c8: $108157.58 (±$38.46)
[2025-10-22T12:46:04.646Z] INFO: ff61491a: $3849.85 (±$1.86)
[2025-10-22T12:46:04.646Z] INFO: ef0d8b6f: $186.27 (±$0.09)
[2025-10-22T12:46:04.646Z] INFO: e62df6c8: $108157.60 (±$38.27)
[2025-10-22T12:46:05.054Z] INFO: ff61491a: $3849.85 (±$1.86)
[2025-10-22T12:46:05.054Z] INFO: ef0d8b6f: $186.27 (±$0.09)
[2025-10-22T12:46:05.054Z] INFO: e62df6c8: $108157.26 (±$35.44)
[2025-10-22T12:46:05.125Z] WARN: WebSocket connection closed
[2025-10-22T12:46:05.125Z] INFO: Reconnection attempt 1/5 in 2s...
[2025-10-22T12:46:05.838Z] INFO: WebSocket connection established
[2025-10-22T12:46:05.838Z] INFO: Subscribing to feeds batch 1: 0xe62df6c8b4a85fe1a6...
[2025-10-22T12:46:05.839Z] INFO: Reconnection successful
[2025-10-22T12:46:06.221Z] INFO: e62df6c8: $108157.60 (±$38.27)
[2025-10-22T12:46:06.222Z] INFO: ef0d8b6f: $186.26 (±$0.09)
[2025-10-22T12:46:06.222Z] INFO: ff61491a: $3849.84 (±$1.84)
[2025-10-22T12:46:06.390Z] INFO: e62df6c8: $108157.54 (±$37.10)
[2025-10-22T12:46:06.390Z] INFO: ef0d8b6f: $186.26 (±$0.09)
[2025-10-22T12:46:06.390Z] INFO: ff61491a: $3849.84 (±$1.84)
[2025-10-22T12:46:06.807Z] INFO: e62df6c8: $108157.54 (±$40.84)
[2025-10-22T12:46:06.807Z] INFO: ef0d8b6f: $186.25 (±$0.09)
[2025-10-22T12:46:06.808Z] INFO: ff61491a: $3849.79 (±$1.87)
[2025-10-22T12:46:07.128Z] WARN: WebSocket connection closed
[2025-10-22T12:46:07.128Z] INFO: Reconnection attempt 1/5 in 2s...
[2025-10-22T12:46:07.969Z] INFO: WebSocket connection established
[2025-10-22T12:46:07.969Z] INFO: Subscribing to feeds batch 1: 0xe62df6c8b4a85fe1a6...
[2025-10-22T12:46:07.969Z] INFO: Reconnection successful
[2025-10-22T12:46:08.150Z] WARN: Re-subscribing to 3 missing feeds
[2025-10-22T12:46:08.151Z] INFO: Subscribing to feeds batch 1: 0xe62df6c8b4a85fe1a6...
[2025-10-22T12:46:08.396Z] INFO: ef0d8b6f: $186.26 (±$0.09)
[2025-10-22T12:46:08.396Z] INFO: ff61491a: $3849.63 (±$2.02)
[2025-10-22T12:46:08.397Z] INFO: e62df6c8: $108158.68 (±$40.25)
[2025-10-22T12:46:08.825Z] INFO: ff61491a: $3849.86 (±$1.74)
[2025-10-22T12:46:08.825Z] INFO: e62df6c8: $108159.50 (±$35.30)
[2025-10-22T12:46:08.825Z] INFO: ef0d8b6f: $186.27 (±$0.08)
[2025-10-22T12:46:09.132Z] WARN: WebSocket connection closed
[2025-10-22T12:46:09.132Z] INFO: Reconnection attempt 1/5 in 2s...
[2025-10-22T12:46:10.039Z] INFO: WebSocket connection established
[2025-10-22T12:46:10.039Z] INFO: Subscribing to feeds batch 1: 0xe62df6c8b4a85fe1a6...
[2025-10-22T12:46:10.040Z] INFO: Reconnection successful
[2025-10-22T12:46:10.485Z] INFO: ef0d8b6f: $186.29 (±$0.10)
[2025-10-22T12:46:10.486Z] INFO: e62df6c8: $108161.60 (±$37.84)
[2025-10-22T12:46:10.486Z] INFO: ff61491a: $3849.94 (±$1.58)
[2025-10-22T12:46:11.135Z] WARN: WebSocket connection closed
[2025-10-22T12:46:11.135Z] INFO: Reconnection attempt 1/5 in 2s...
[2025-10-22T12:46:11.869Z] INFO: WebSocket connection established
[2025-10-22T12:46:11.870Z] INFO: Subscribing to feeds batch 1: 0xe62df6c8b4a85fe1a6...
[2025-10-22T12:46:11.870Z] INFO: Reconnection successful
[2025-10-22T12:46:12.204Z] INFO: ef0d8b6f: $186.29 (±$0.09)
[2025-10-22T12:46:12.204Z] INFO: e62df6c8: $108160.18 (±$34.66)
[2025-10-22T12:46:12.205Z] INFO: ff61491a: $3849.90 (±$1.69)
[2025-10-22T12:46:12.977Z] INFO: ef0d8b6f: $186.28 (±$0.08)
[2025-10-22T12:46:12.978Z] INFO: e62df6c8: $108156.78 (±$36.37)
[2025-10-22T12:46:12.978Z] INFO: ff61491a: $3849.88 (±$1.70)
[2025-10-22T12:46:13.138Z] WARN: WebSocket connection closed
[2025-10-22T12:46:13.138Z] INFO: Reconnection attempt 1/5 in 2s...
[2025-10-22T12:46:13.896Z] INFO: WebSocket connection established
[2025-10-22T12:46:13.896Z] INFO: Subscribing to feeds batch 1: 0xe62df6c8b4a85fe1a6...
[2025-10-22T12:46:13.896Z] INFO: Reconnection successful
[2025-10-22T12:46:14.499Z] INFO: ef0d8b6f: $186.28 (±$0.08)
[2025-10-22T12:46:14.500Z] INFO: e62df6c8: $108149.74 (±$39.98)
[2025-10-22T12:46:14.500Z] INFO: ff61491a: $3849.88 (±$1.46)
[2025-10-22T12:46:14.713Z] INFO: ef0d8b6f: $186.28 (±$0.09)
[2025-10-22T12:46:14.713Z] INFO: e62df6c8: $108152.53 (±$39.88)
[2025-10-22T12:46:14.714Z] INFO: ff61491a: $3849.92 (±$1.72)
[2025-10-22T12:46:15.062Z] INFO: ef0d8b6f: $186.29 (±$0.09)
[2025-10-22T12:46:15.062Z] INFO: e62df6c8: $108155.00 (±$38.50)
[2025-10-22T12:46:15.062Z] INFO: ff61491a: $3849.94 (±$1.72)
[2025-10-22T12:46:15.141Z] WARN: WebSocket connection closed
[2025-10-22T12:46:15.142Z] INFO: Reconnection attempt 1/5 in 2s...
[2025-10-22T12:46:15.847Z] INFO: WebSocket connection established
[2025-10-22T12:46:15.847Z] INFO: Subscribing to feeds batch 1: 0xe62df6c8b4a85fe1a6...
[2025-10-22T12:46:15.848Z] INFO: Reconnection successful
[2025-10-22T12:46:16.144Z] INFO: e62df6c8: $108162.00 (±$44.75)
[2025-10-22T12:46:16.144Z] INFO: ff61491a: $3850.20 (±$1.69)
[2025-10-22T12:46:16.144Z] INFO: ef0d8b6f: $186.30 (±$0.09)
[2025-10-22T12:46:16.364Z] INFO: e62df6c8: $108156.62 (±$46.54)
[2025-10-22T12:46:16.365Z] INFO: ff61491a: $3850.28 (±$1.57)
[2025-10-22T12:46:16.365Z] INFO: ef0d8b6f: $186.31 (±$0.09)
[2025-10-22T12:46:16.753Z] INFO: e62df6c8: $108158.00 (±$47.58)
[2025-10-22T12:46:16.754Z] INFO: ff61491a: $3850.23 (±$1.72)
[2025-10-22T12:46:16.754Z] INFO: ef0d8b6f: $186.30 (±$0.09)
[2025-10-22T12:46:17.145Z] WARN: WebSocket connection closed
[2025-10-22T12:46:17.145Z] INFO: Reconnection attempt 1/5 in 2s...
[2025-10-22T12:46:17.961Z] INFO: WebSocket connection established
[2025-10-22T12:46:17.962Z] INFO: Subscribing to feeds batch 1: 0xe62df6c8b4a85fe1a6...
[2025-10-22T12:46:17.963Z] INFO: Reconnection successful
[2025-10-22T12:46:18.153Z] WARN: Re-subscribing to 3 missing feeds
[2025-10-22T12:46:18.154Z] INFO: Subscribing to feeds batch 1: 0xe62df6c8b4a85fe1a6...
[2025-10-22T12:46:18.499Z] INFO: ff61491a: $3850.24 (±$1.67)
[2025-10-22T12:46:18.500Z] INFO: e62df6c8: $108159.72 (±$37.68)
[2025-10-22T12:46:18.500Z] INFO: ef0d8b6f: $186.29 (±$0.08)
[2025-10-22T12:46:18.895Z] INFO: ff61491a: $3850.30 (±$1.46)
[2025-10-22T12:46:18.895Z] INFO: e62df6c8: $108159.72 (±$36.48)
[2025-10-22T12:46:18.896Z] INFO: ef0d8b6f: $186.27 (±$0.09)
[2025-10-22T12:46:19.147Z] WARN: WebSocket connection closed
[2025-10-22T12:46:19.147Z] INFO: Reconnection attempt 1/5 in 2s...
[2025-10-22T12:46:19.857Z] INFO: WebSocket connection established
[2025-10-22T12:46:19.857Z] INFO: Subscribing to feeds batch 1: 0xe62df6c8b4a85fe1a6...
[2025-10-22T12:46:19.858Z] INFO: Reconnection successful
[2025-10-22T12:46:20.736Z] INFO: ef0d8b6f: $186.25 (±$0.11)
[2025-10-22T12:46:20.736Z] INFO: e62df6c8: $108159.77 (±$36.72)
[2025-10-22T12:46:20.736Z] INFO: ff61491a: $3850.20 (±$1.41)
[2025-10-22T12:46:21.149Z] WARN: WebSocket connection closed
[2025-10-22T12:46:21.149Z] INFO: Reconnection attempt 1/5 in 2s...
[2025-10-22T12:46:22.016Z] INFO: WebSocket connection established
[2025-10-22T12:46:22.016Z] INFO: Subscribing to feeds batch 1: 0xe62df6c8b4a85fe1a6...
[2025-10-22T12:46:22.016Z] INFO: Reconnection successful
[2025-10-22T12:46:23.153Z] WARN: WebSocket connection closed
[2025-10-22T12:46:23.153Z] INFO: Reconnection attempt 1/5 in 2s...
[2025-10-22T12:46:23.824Z] INFO: WebSocket connection established
[2025-10-22T12:46:23.825Z] INFO: Subscribing to feeds batch 1: 0xe62df6c8b4a85fe1a6...
[2025-10-22T12:46:23.825Z] INFO: Reconnection successful
[2025-10-22T12:46:24.268Z] INFO: ef0d8b6f: $186.20 (±$0.09)
[2025-10-22T12:46:24.268Z] INFO: e62df6c8: $108159.49 (±$38.74)
[2025-10-22T12:46:24.268Z] INFO: ff61491a: $3849.93 (±$1.34)
[2025-10-22T12:46:24.903Z] INFO: ef0d8b6f: $186.20 (±$0.10)
[2025-10-22T12:46:24.904Z] INFO: e62df6c8: $108158.67 (±$38.13)
[2025-10-22T12:46:24.904Z] INFO: ff61491a: $3849.93 (±$1.23)
[2025-10-22T12:46:25.122Z] INFO: ef0d8b6f: $186.20 (±$0.10)
[2025-10-22T12:46:25.123Z] INFO: e62df6c8: $108159.50 (±$35.01)
[2025-10-22T12:46:25.123Z] INFO: ff61491a: $3849.93 (±$1.27)
[2025-10-22T12:46:25.156Z] WARN: WebSocket connection closed
[2025-10-22T12:46:25.156Z] INFO: Reconnection attempt 1/5 in 2s...
[2025-10-22T12:46:25.876Z] INFO: WebSocket connection established
[2025-10-22T12:46:25.877Z] INFO: Subscribing to feeds batch 1: 0xe62df6c8b4a85fe1a6...
[2025-10-22T12:46:25.877Z] INFO: Reconnection successful
[2025-10-22T12:46:26.848Z] INFO: ff61491a: $3849.85 (±$1.34)
[2025-10-22T12:46:26.849Z] INFO: e62df6c8: $108156.03 (±$38.23)
[2025-10-22T12:46:26.851Z] INFO: ef0d8b6f: $186.19 (±$0.09)
[2025-10-22T12:46:26.852Z] INFO: ff61491a: $3849.85 (±$1.34)
[2025-10-22T12:46:26.852Z] INFO: e62df6c8: $108156.00 (±$37.40)
[2025-10-22T12:46:26.852Z] INFO: ef0d8b6f: $186.19 (±$0.07)
[2025-10-22T12:46:27.161Z] WARN: WebSocket connection closed
[2025-10-22T12:46:27.161Z] INFO: Reconnection attempt 1/5 in 2s...
[2025-10-22T12:46:27.877Z] INFO: WebSocket connection established
[2025-10-22T12:46:27.894Z] INFO: Subscribing to feeds batch 1: 0xe62df6c8b4a85fe1a6...
[2025-10-22T12:46:27.914Z] INFO: Reconnection successful
[2025-10-22T12:46:28.154Z] WARN: Re-subscribing to 3 missing feeds
[2025-10-22T12:46:28.154Z] INFO: Subscribing to feeds batch 1: 0xe62df6c8b4a85fe1a6...
[2025-10-22T12:46:28.238Z] INFO: ff61491a: $3849.47 (±$1.27)
[2025-10-22T12:46:28.239Z] INFO: ef0d8b6f: $186.19 (±$0.08)
[2025-10-22T12:46:28.239Z] INFO: e62df6c8: $108147.20 (±$43.18)
[2025-10-22T12:46:28.598Z] INFO: e62df6c8: $108147.20 (±$41.95)
[2025-10-22T12:46:28.598Z] INFO: ef0d8b6f: $186.20 (±$0.07)
[2025-10-22T12:46:28.598Z] INFO: ff61491a: $3849.56 (±$1.42)
[2025-10-22T12:46:29.052Z] INFO: e62df6c8: $108147.00 (±$39.11)
[2025-10-22T12:46:29.052Z] INFO: ef0d8b6f: $186.20 (±$0.07)
[2025-10-22T12:46:29.052Z] INFO: ff61491a: $3849.56 (±$1.46)
[2025-10-22T12:46:29.164Z] WARN: WebSocket connection closed
[2025-10-22T12:46:29.164Z] INFO: Reconnection attempt 1/5 in 2s...
[2025-10-22T12:46:29.888Z] INFO: WebSocket connection established
[2025-10-22T12:46:29.888Z] INFO: Subscribing to feeds batch 1: 0xe62df6c8b4a85fe1a6...
[2025-10-22T12:46:29.888Z] INFO: Reconnection successful
[2025-10-22T12:46:30.399Z] INFO: e62df6c8: $108144.04 (±$37.19)
[2025-10-22T12:46:30.400Z] INFO: ef0d8b6f: $186.21 (±$0.08)
[2025-10-22T12:46:30.400Z] INFO: ff61491a: $3849.54 (±$1.45)
[2025-10-22T12:46:30.713Z] INFO: e62df6c8: $108144.04 (±$41.97)
[2025-10-22T12:46:30.713Z] INFO: ef0d8b6f: $186.21 (±$0.08)
[2025-10-22T12:46:30.713Z] INFO: ff61491a: $3849.55 (±$1.46)
[2025-10-22T12:46:31.076Z] INFO: e62df6c8: $108144.04 (±$38.19)
[2025-10-22T12:46:31.077Z] INFO: ef0d8b6f: $186.22 (±$0.08)
[2025-10-22T12:46:31.077Z] INFO: ff61491a: $3849.54 (±$1.47)
[2025-10-22T12:46:31.170Z] WARN: WebSocket connection closed
[2025-10-22T12:46:31.170Z] INFO: Reconnection attempt 1/5 in 2s...
[2025-10-22T12:46:31.920Z] INFO: WebSocket connection established
[2025-10-22T12:46:31.921Z] INFO: Subscribing to feeds batch 1: 0xe62df6c8b4a85fe1a6...
[2025-10-22T12:46:31.921Z] INFO: Reconnection successful
[2025-10-22T12:46:32.449Z] INFO: ff61491a: $3849.54 (±$1.51)
[2025-10-22T12:46:32.450Z] INFO: e62df6c8: $108144.00 (±$40.63)
[2025-10-22T12:46:32.450Z] INFO: ef0d8b6f: $186.22 (±$0.08)
[2025-10-22T12:46:32.824Z] INFO: ff61491a: $3849.53 (±$1.42)
[2025-10-22T12:46:32.825Z] INFO: e62df6c8: $108143.77 (±$37.90)
[2025-10-22T12:46:32.825Z] INFO: ef0d8b6f: $186.22 (±$0.08)
[2025-10-22T12:46:33.155Z] WARN: Re-subscribing to 3 missing feeds
[2025-10-22T12:46:33.156Z] INFO: Subscribing to feeds batch 1: 0xe62df6c8b4a85fe1a6...
[2025-10-22T12:46:33.174Z] WARN: WebSocket connection closed
[2025-10-22T12:46:33.174Z] INFO: Reconnection attempt 1/5 in 2s...
[2025-10-22T12:46:33.937Z] INFO: WebSocket connection established
[2025-10-22T12:46:33.938Z] INFO: Subscribing to feeds batch 1: 0xe62df6c8b4a85fe1a6...
[2025-10-22T12:46:33.938Z] INFO: Reconnection successful
[2025-10-22T12:46:34.515Z] INFO: ff61491a: $3849.41 (±$1.39)
[2025-10-22T12:46:34.515Z] INFO: e62df6c8: $108122.50 (±$37.71)
[2025-10-22T12:46:34.515Z] INFO: ef0d8b6f: $186.20 (±$0.07)
[2025-10-22T12:46:35.178Z] WARN: WebSocket connection closed
[2025-10-22T12:46:35.179Z] INFO: Reconnection attempt 1/5 in 2s...
[2025-10-22T12:46:35.871Z] INFO: WebSocket connection established
[2025-10-22T12:46:35.872Z] INFO: Subscribing to feeds batch 1: 0xe62df6c8b4a85fe1a6...
[2025-10-22T12:46:35.872Z] INFO: Reconnection successful
[2025-10-22T12:46:36.945Z] INFO: ef0d8b6f: $186.20 (±$0.07)
[2025-10-22T12:46:36.946Z] INFO: ff61491a: $3849.40 (±$1.47)
[2025-10-22T12:46:36.947Z] INFO: e62df6c8: $108122.00 (±$42.69)
[2025-10-22T12:46:37.101Z] INFO: ef0d8b6f: $186.20 (±$0.07)
[2025-10-22T12:46:37.101Z] INFO: ff61491a: $3849.41 (±$1.39)
[2025-10-22T12:46:37.101Z] INFO: e62df6c8: $108122.00 (±$40.74)
[2025-10-22T12:46:37.184Z] WARN: WebSocket connection closed
[2025-10-22T12:46:37.185Z] INFO: Reconnection attempt 1/5 in 2s...
[2025-10-22T12:46:37.985Z] INFO: WebSocket connection established
[2025-10-22T12:46:37.985Z] INFO: Subscribing to feeds batch 1: 0xe62df6c8b4a85fe1a6...
[2025-10-22T12:46:37.986Z] INFO: Reconnection successful
[2025-10-22T12:46:38.156Z] WARN: Re-subscribing to 3 missing feeds
[2025-10-22T12:46:38.156Z] INFO: Subscribing to feeds batch 1: 0xe62df6c8b4a85fe1a6...
[2025-10-22T12:46:38.658Z] INFO: e62df6c8: $108121.97 (±$34.97)
[2025-10-22T12:46:38.658Z] INFO: ff61491a: $3849.41 (±$1.38)
[2025-10-22T12:46:38.658Z] INFO: ef0d8b6f: $186.20 (±$0.07)
[2025-10-22T12:46:39.012Z] INFO: e62df6c8: $108122.00 (±$35.77)
[2025-10-22T12:46:39.013Z] INFO: ff61491a: $3849.41 (±$1.37)
[2025-10-22T12:46:39.013Z] INFO: ef0d8b6f: $186.20 (±$0.07)
[2025-10-22T12:46:39.133Z] INFO: e62df6c8: $108122.00 (±$35.79)
[2025-10-22T12:46:39.133Z] INFO: ff61491a: $3849.51 (±$1.38)
[2025-10-22T12:46:39.133Z] INFO: ef0d8b6f: $186.20 (±$0.07)
[2025-10-22T12:46:39.188Z] WARN: WebSocket connection closed
[2025-10-22T12:46:39.189Z] INFO: Reconnection attempt 1/5 in 2s...
[2025-10-22T12:46:39.977Z] INFO: WebSocket connection established
[2025-10-22T12:46:39.977Z] INFO: Subscribing to feeds batch 1: 0xe62df6c8b4a85fe1a6...
[2025-10-22T12:46:39.977Z] INFO: Reconnection successful
[2025-10-22T12:46:40.351Z] INFO: ef0d8b6f: $186.20 (±$0.08)
[2025-10-22T12:46:40.351Z] INFO: e62df6c8: $108122.00 (±$35.83)
[2025-10-22T12:46:40.351Z] INFO: ff61491a: $3849.51 (±$1.31)
[2025-10-22T12:46:40.479Z] INFO: ef0d8b6f: $186.20 (±$0.08)
[2025-10-22T12:46:40.479Z] INFO: e62df6c8: $108122.00 (±$37.09)
[2025-10-22T12:46:40.480Z] INFO: ff61491a: $3849.51 (±$1.39)
[2025-10-22T12:46:40.741Z] INFO: ef0d8b6f: $186.20 (±$0.07)
[2025-10-22T12:46:40.741Z] INFO: e62df6c8: $108122.00 (±$35.87)
[2025-10-22T12:46:40.741Z] INFO: ff61491a: $3849.51 (±$1.32)
[2025-10-22T12:46:41.183Z] INFO: ef0d8b6f: $186.19 (±$0.08)
[2025-10-22T12:46:41.183Z] INFO: e62df6c8: $108121.39 (±$36.50)
[2025-10-22T12:46:41.183Z] INFO: ff61491a: $3849.51 (±$1.30)
[2025-10-22T12:46:41.191Z] WARN: WebSocket connection closed
[2025-10-22T12:46:41.191Z] INFO: Reconnection attempt 1/5 in 2s...
[2025-10-22T12:46:41.914Z] INFO: WebSocket connection established
[2025-10-22T12:46:41.915Z] INFO: Subscribing to feeds batch 1: 0xe62df6c8b4a85fe1a6...
[2025-10-22T12:46:41.915Z] INFO: Reconnection successful
[2025-10-22T12:46:42.459Z] INFO: ff61491a: $3849.53 (±$1.43)
[2025-10-22T12:46:42.460Z] INFO: ef0d8b6f: $186.19 (±$0.07)
[2025-10-22T12:46:42.460Z] INFO: e62df6c8: $108129.00 (±$36.09)
[2025-10-22T12:46:42.834Z] INFO: ff61491a: $3849.70 (±$1.33)
[2025-10-22T12:46:42.834Z] INFO: ef0d8b6f: $186.19 (±$0.08)
[2025-10-22T12:46:42.835Z] INFO: e62df6c8: $108126.50 (±$36.54)
[2025-10-22T12:46:43.157Z] WARN: Re-subscribing to 3 missing feeds
[2025-10-22T12:46:43.157Z] INFO: Subscribing to feeds batch 1: 0xe62df6c8b4a85fe1a6...
[2025-10-22T12:46:43.194Z] WARN: WebSocket connection closed
[2025-10-22T12:46:43.194Z] INFO: Reconnection attempt 1/5 in 2s...
[2025-10-22T12:46:43.898Z] INFO: WebSocket connection established
[2025-10-22T12:46:43.898Z] INFO: Subscribing to feeds batch 1: 0xe62df6c8b4a85fe1a6...
[2025-10-22T12:46:43.899Z] INFO: Reconnection successful
[2025-10-22T12:46:44.594Z] INFO: ef0d8b6f: $186.19 (±$0.08)
[2025-10-22T12:46:44.595Z] INFO: e62df6c8: $108128.50 (±$34.03)
[2025-10-22T12:46:44.595Z] INFO: ff61491a: $3849.66 (±$1.30)
[2025-10-22T12:46:45.196Z] WARN: WebSocket connection closed
[2025-10-22T12:46:45.196Z] INFO: Reconnection attempt 1/5 in 2s...
[2025-10-22T12:46:46.014Z] INFO: WebSocket connection established
[2025-10-22T12:46:46.015Z] INFO: Subscribing to feeds batch 1: 0xe62df6c8b4a85fe1a6...
[2025-10-22T12:46:46.015Z] INFO: Reconnection successful
[2025-10-22T12:46:46.453Z] INFO: ef0d8b6f: $186.20 (±$0.08)
[2025-10-22T12:46:46.453Z] INFO: e62df6c8: $108128.93 (±$38.38)
[2025-10-22T12:46:46.453Z] INFO: ff61491a: $3849.72 (±$1.42)
[2025-10-22T12:46:47.197Z] WARN: WebSocket connection closed
[2025-10-22T12:46:47.197Z] INFO: Reconnection attempt 1/5 in 2s...
[2025-10-22T12:46:47.876Z] INFO: WebSocket connection established
[2025-10-22T12:46:47.877Z] INFO: Subscribing to feeds batch 1: 0xe62df6c8b4a85fe1a6...
[2025-10-22T12:46:47.877Z] INFO: Reconnection successful
[2025-10-22T12:46:48.157Z] WARN: Re-subscribing to 3 missing feeds
[2025-10-22T12:46:48.158Z] INFO: Subscribing to feeds batch 1: 0xe62df6c8b4a85fe1a6...
[2025-10-22T12:46:48.169Z] INFO: ff61491a: $3850.10 (±$1.53)
[2025-10-22T12:46:48.170Z] INFO: e62df6c8: $108140.00 (±$32.96)
[2025-10-22T12:46:48.170Z] INFO: ef0d8b6f: $186.22 (±$0.08)
[2025-10-22T12:46:49.075Z] INFO: ff61491a: $3850.26 (±$1.45)
[2025-10-22T12:46:49.075Z] INFO: e62df6c8: $108145.55 (±$36.62)
[2025-10-22T12:46:49.075Z] INFO: ef0d8b6f: $186.23 (±$0.09)
[2025-10-22T12:46:49.202Z] WARN: WebSocket connection closed
[2025-10-22T12:46:49.202Z] INFO: Reconnection attempt 1/5 in 2s...
[2025-10-22T12:46:49.893Z] INFO: WebSocket connection established
[2025-10-22T12:46:49.894Z] INFO: Subscribing to feeds batch 1: 0xe62df6c8b4a85fe1a6...
[2025-10-22T12:46:49.894Z] INFO: Reconnection successful
[2025-10-22T12:46:50.575Z] INFO: ff61491a: $3850.57 (±$1.52)
[2025-10-22T12:46:50.576Z] INFO: ef0d8b6f: $186.24 (±$0.08)
[2025-10-22T12:46:50.576Z] INFO: e62df6c8: $108153.00 (±$33.76)
[2025-10-22T12:46:50.871Z] INFO: ff61491a: $3850.58 (±$1.41)
[2025-10-22T12:46:50.872Z] INFO: ef0d8b6f: $186.24 (±$0.09)
[2025-10-22T12:46:50.872Z] INFO: e62df6c8: $108150.40 (±$38.30)
[2025-10-22T12:46:51.206Z] WARN: WebSocket connection closed
[2025-10-22T12:46:51.206Z] INFO: Reconnection attempt 1/5 in 2s...
[2025-10-22T12:46:51.868Z] INFO: WebSocket connection established
[2025-10-22T12:46:51.868Z] INFO: Subscribing to feeds batch 1: 0xe62df6c8b4a85fe1a6...
[2025-10-22T12:46:51.868Z] INFO: Reconnection successful
[2025-10-22T12:46:52.382Z] INFO: e62df6c8: $108150.83 (±$36.78)
[2025-10-22T12:46:52.382Z] INFO: ff61491a: $3850.59 (±$1.52)
[2025-10-22T12:46:52.382Z] INFO: ef0d8b6f: $186.24 (±$0.08)
[2025-10-22T12:46:52.537Z] INFO: e62df6c8: $108150.94 (±$37.46)
[2025-10-22T12:46:52.538Z] INFO: ff61491a: $3850.69 (±$1.59)
[2025-10-22T12:46:52.538Z] INFO: ef0d8b6f: $186.24 (±$0.08)
[2025-10-22T12:46:52.910Z] INFO: e62df6c8: $108151.75 (±$37.35)
[2025-10-22T12:46:52.910Z] INFO: ff61491a: $3850.68 (±$1.59)
[2025-10-22T12:46:52.910Z] INFO: ef0d8b6f: $186.24 (±$0.08)
[2025-10-22T12:46:53.159Z] WARN: Re-subscribing to 3 missing feeds
[2025-10-22T12:46:53.160Z] INFO: Subscribing to feeds batch 1: 0xe62df6c8b4a85fe1a6...
[2025-10-22T12:46:53.210Z] WARN: WebSocket connection closed
[2025-10-22T12:46:53.210Z] INFO: Reconnection attempt 1/5 in 2s...
[2025-10-22T12:46:54.095Z] INFO: WebSocket connection established
[2025-10-22T12:46:54.102Z] INFO: Subscribing to feeds batch 1: 0xe62df6c8b4a85fe1a6...
[2025-10-22T12:46:54.106Z] INFO: Reconnection successful
[2025-10-22T12:46:54.545Z] INFO: ff61491a: $3850.56 (±$1.39)
[2025-10-22T12:46:54.545Z] INFO: e62df6c8: $108152.00 (±$38.38)
[2025-10-22T12:46:54.546Z] INFO: ef0d8b6f: $186.24 (±$0.07)
[2025-10-22T12:46:54.834Z] INFO: ff61491a: $3850.50 (±$1.37)
[2025-10-22T12:46:54.834Z] INFO: e62df6c8: $108151.75 (±$36.75)
[2025-10-22T12:46:54.834Z] INFO: ef0d8b6f: $186.24 (±$0.08)
[2025-10-22T12:46:55.215Z] WARN: WebSocket connection closed
[2025-10-22T12:46:55.215Z] INFO: Reconnection attempt 1/5 in 2s...
[2025-10-22T12:46:55.543Z] INFO: SIGINT signal received: closing HTTP server
[2025-10-22T12:49:55.255Z] INFO: ✅ HTTP Provider initialized: https://sepolia.infura.io/v3/2758fd4e9f4640e2b22cd...
[2025-10-22T12:49:55.262Z] WARN: ⚠️  No valid private key found. Running in READ-ONLY mode.
[2025-10-22T12:49:55.262Z] WARN:    Event listening will work, but write operations will be disabled.
[2025-10-22T12:49:55.267Z] INFO: ✅ Contract initialized at: 0x2cC7fD19b0953a1C8E5eea66AbAB89977A4619e2
[2025-10-22T12:49:55.284Z] WARN: ⚠️  Read-only mode - no private key provided
[2025-10-22T12:49:55.292Z] INFO: 
============================================================
[2025-10-22T12:49:55.292Z] INFO: 🛡️  BOT DETECTION SYSTEM RUNNING
[2025-10-22T12:49:55.292Z] INFO: ============================================================
[2025-10-22T12:49:55.292Z] INFO: Server: http://localhost:3000
[2025-10-22T12:49:55.292Z] INFO: Environment: development
[2025-10-22T12:49:55.292Z] INFO: Contract: 0x2cC7fD19b0953a1C8E5eea66AbAB89977A4619e2
[2025-10-22T12:49:55.292Z] INFO: ============================================================

[2025-10-22T12:49:55.292Z] INFO: 🚀 Starting Bot Detection System...
[2025-10-22T12:49:55.292Z] INFO: 📡 Starting Pyth Hermes price stream...
[2025-10-22T12:49:55.293Z] INFO: Starting Pyth price stream for 3 feeds
[2025-10-22T12:49:56.265Z] INFO: WebSocket connection established
[2025-10-22T12:49:56.266Z] INFO: Subscribing to feeds batch 1: 0xe62df6c8b4a85fe1a6...
[2025-10-22T12:49:56.317Z] INFO: ✅ Connected to Ethereum Mainnet - Current Block: 9465901
[2025-10-22T12:49:57.029Z] INFO: ff61491a: $3847.18 (±$1.39)
[2025-10-22T12:49:57.030Z] INFO: ef0d8b6f: $185.77 (±$0.08)
[2025-10-22T12:49:57.030Z] INFO: e62df6c8: $108053.00 (±$34.12)
[2025-10-22T12:49:57.424Z] INFO: ff61491a: $3847.18 (±$1.40)
[2025-10-22T12:49:57.424Z] INFO: ef0d8b6f: $185.76 (±$0.09)
[2025-10-22T12:49:57.424Z] INFO: e62df6c8: $108053.00 (±$32.64)
[2025-10-22T12:49:57.762Z] INFO: ff61491a: $3847.17 (±$1.46)
[2025-10-22T12:49:57.763Z] INFO: ef0d8b6f: $185.77 (±$0.08)
[2025-10-22T12:49:57.763Z] INFO: e62df6c8: $108053.00 (±$32.64)
[2025-10-22T12:49:58.387Z] INFO: 👂 Starting blockchain event listener...
[2025-10-22T12:49:58.390Z] INFO: 👂 Starting to listen for TradeExecuted events...
[2025-10-22T12:49:58.392Z] INFO:    Contract: 0x2cC7fD19b0953a1C8E5eea66AbAB89977A4619e2
[2025-10-22T12:49:58.392Z] INFO:    Network: Ethereum Mainnet (Chain ID: 11155111)
[2025-10-22T12:49:58.436Z] INFO: ✅ All services started successfully!
[2025-10-22T12:49:58.535Z] INFO: ff61491a: $3847.17 (±$1.46)
[2025-10-22T12:49:58.539Z] INFO: ef0d8b6f: $185.77 (±$0.08)
[2025-10-22T12:49:58.539Z] INFO: e62df6c8: $108051.78 (±$34.04)
[2025-10-22T12:49:58.695Z] INFO: ff61491a: $3847.18 (±$1.45)
[2025-10-22T12:49:58.696Z] INFO: ef0d8b6f: $185.77 (±$0.08)
[2025-10-22T12:49:58.697Z] INFO: e62df6c8: $108052.68 (±$33.69)
[2025-10-22T12:49:58.750Z] INFO:    Starting from block: 9465901
[2025-10-22T12:49:58.756Z] INFO: ✅ Event listeners registered successfully
[2025-10-22T12:49:58.756Z] INFO:    - TradeExecuted
[2025-10-22T12:49:58.757Z] INFO:    - GoodBotFlagged
[2025-10-22T12:49:58.757Z] INFO:    - BadBotFlagged
[2025-10-22T12:49:58.757Z] INFO:    - BotUnflagged
[2025-10-22T12:49:58.757Z] INFO: 
🎯 Waiting for events...

[2025-10-22T12:49:58.758Z] INFO: 🔍 Querying past events from block 9465801 to 9465901...
[2025-10-22T12:49:59.028Z] INFO:    No past trade events found in last 100 blocks
[2025-10-22T12:49:59.028Z] INFO: ff61491a: $3847.17 (±$1.39)
[2025-10-22T12:49:59.028Z] INFO: ef0d8b6f: $185.77 (±$0.08)
[2025-10-22T12:49:59.028Z] INFO: e62df6c8: $108053.43 (±$34.44)
[2025-10-22T12:49:59.419Z] INFO: ff61491a: $3847.17 (±$1.31)
[2025-10-22T12:49:59.423Z] INFO: ef0d8b6f: $185.77 (±$0.08)
[2025-10-22T12:49:59.424Z] INFO: e62df6c8: $108052.82 (±$32.64)
[2025-10-22T12:50:00.266Z] INFO: ff61491a: $3847.20 (±$1.28)
[2025-10-22T12:50:00.268Z] INFO: ef0d8b6f: $185.77 (±$0.08)
[2025-10-22T12:50:00.269Z] INFO: e62df6c8: $108052.47 (±$32.99)
[2025-10-22T12:50:00.294Z] WARN: Re-subscribing to 3 missing feeds
[2025-10-22T12:50:00.295Z] INFO: Subscribing to feeds batch 1: 0xe62df6c8b4a85fe1a6...
[2025-10-22T12:50:00.465Z] INFO: ff61491a: $3847.20 (±$1.28)
[2025-10-22T12:50:00.467Z] INFO: ef0d8b6f: $185.77 (±$0.08)
[2025-10-22T12:50:00.473Z] INFO: e62df6c8: $108052.82 (±$32.74)
[2025-10-22T12:50:00.723Z] INFO: ff61491a: $3847.20 (±$1.28)
[2025-10-22T12:50:00.732Z] INFO: ef0d8b6f: $185.77 (±$0.07)
[2025-10-22T12:50:00.732Z] INFO: e62df6c8: $108052.58 (±$32.98)
[2025-10-22T12:50:01.112Z] INFO: ff61491a: $3847.20 (±$1.28)
[2025-10-22T12:50:01.113Z] INFO: ef0d8b6f: $185.77 (±$0.09)
[2025-10-22T12:50:01.115Z] INFO: e62df6c8: $108052.00 (±$33.70)
[2025-10-22T12:50:01.966Z] INFO: ff61491a: $3847.20 (±$1.33)
[2025-10-22T12:50:01.967Z] INFO: ef0d8b6f: $185.77 (±$0.07)
[2025-10-22T12:50:01.967Z] INFO: e62df6c8: $108052.28 (±$33.42)
[2025-10-22T12:50:02.211Z] INFO: ff61491a: $3847.20 (±$1.27)
[2025-10-22T12:50:02.211Z] INFO: ef0d8b6f: $185.77 (±$0.08)
[2025-10-22T12:50:02.212Z] INFO: e62df6c8: $108050.86 (±$36.78)
[2025-10-22T12:50:02.477Z] INFO: ff61491a: $3847.15 (±$1.33)
[2025-10-22T12:50:02.477Z] INFO: ef0d8b6f: $185.75 (±$0.10)
[2025-10-22T12:50:02.477Z] INFO: e62df6c8: $108050.34 (±$35.22)
[2025-10-22T12:50:02.805Z] INFO: ff61491a: $3847.12 (±$1.31)
[2025-10-22T12:50:02.806Z] INFO: ef0d8b6f: $185.75 (±$0.10)
[2025-10-22T12:50:02.806Z] INFO: e62df6c8: $108050.32 (±$35.24)
[2025-10-22T12:50:03.583Z] INFO: ff61491a: $3847.02 (±$1.36)
[2025-10-22T12:50:03.584Z] INFO: ef0d8b6f: $185.74 (±$0.11)
[2025-10-22T12:50:03.584Z] INFO: e62df6c8: $108046.94 (±$35.42)
[2025-10-22T12:50:03.849Z] INFO: ff61491a: $3846.92 (±$1.56)
[2025-10-22T12:50:03.849Z] INFO: ef0d8b6f: $185.74 (±$0.11)
[2025-10-22T12:50:03.850Z] INFO: e62df6c8: $108042.27 (±$36.00)
[2025-10-22T12:50:04.212Z] INFO: ff61491a: $3846.24 (±$1.16)
[2025-10-22T12:50:04.212Z] INFO: ef0d8b6f: $185.68 (±$0.10)
[2025-10-22T12:50:04.212Z] INFO: e62df6c8: $108041.00 (±$37.15)
[2025-10-22T12:50:04.635Z] INFO: ff61491a: $3846.17 (±$1.24)
[2025-10-22T12:50:04.635Z] INFO: ef0d8b6f: $185.68 (±$0.10)
[2025-10-22T12:50:04.635Z] INFO: e62df6c8: $108035.00 (±$38.78)
[2025-10-22T12:50:04.890Z] INFO: ff61491a: $3846.11 (±$1.32)
[2025-10-22T12:50:04.890Z] INFO: ef0d8b6f: $185.68 (±$0.10)
[2025-10-22T12:50:04.890Z] INFO: e62df6c8: $108034.76 (±$35.23)
[2025-10-22T12:50:05.236Z] INFO: ff61491a: $3846.09 (±$1.30)
[2025-10-22T12:50:05.236Z] INFO: ef0d8b6f: $185.68 (±$0.10)
[2025-10-22T12:50:05.236Z] INFO: e62df6c8: $108033.00 (±$33.66)
[2025-10-22T12:50:05.295Z] WARN: Re-subscribing to 3 missing feeds
[2025-10-22T12:50:05.296Z] INFO: Subscribing to feeds batch 1: 0xe62df6c8b4a85fe1a6...
[2025-10-22T12:50:05.741Z] INFO: ff61491a: $3846.02 (±$1.54)
[2025-10-22T12:50:05.741Z] INFO: ef0d8b6f: $185.68 (±$0.10)
[2025-10-22T12:50:05.741Z] INFO: e62df6c8: $108032.89 (±$36.44)
[2025-10-22T12:50:06.079Z] INFO: ff61491a: $3845.99 (±$1.28)
[2025-10-22T12:50:06.080Z] INFO: ef0d8b6f: $185.68 (±$0.08)
[2025-10-22T12:50:06.080Z] INFO: e62df6c8: $108033.00 (±$36.55)
[2025-10-22T12:50:06.869Z] WARN: Missing price data for BTC/USD
[2025-10-22T12:50:06.869Z] WARN: Missing price data for ETH/USD
[2025-10-22T12:50:06.869Z] WARN: Missing price data for SOL/USD
[2025-10-22T12:50:06.870Z] WARN: Price data status: 0 stale, 3 missing
[2025-10-22T12:50:06.870Z] ERROR: Too many stale/missing prices, attempting to recover connection...
[2025-10-22T12:50:06.870Z] INFO: Starting Pyth price stream for 3 feeds
[2025-10-22T12:50:06.886Z] WARN: WebSocket connection closed
[2025-10-22T12:50:06.887Z] INFO: Reconnection attempt 1/5 in 2s...
[2025-10-22T12:50:06.908Z] WARN: Missing price data for BTC/USD
[2025-10-22T12:50:06.908Z] WARN: Missing price data for ETH/USD
[2025-10-22T12:50:06.909Z] WARN: Missing price data for SOL/USD
[2025-10-22T12:50:06.911Z] WARN: Price data status: 0 stale, 3 missing
[2025-10-22T12:50:06.912Z] ERROR: Too many stale/missing prices, attempting to recover connection...
[2025-10-22T12:50:06.912Z] INFO: Starting Pyth price stream for 3 feeds
[2025-10-22T12:50:06.923Z] ERROR: WebSocket error: WebSocket was closed before the connection was established
[2025-10-22T12:50:06.923Z] WARN: WebSocket connection closed
[2025-10-22T12:50:07.463Z] INFO: WebSocket connection established
[2025-10-22T12:50:07.463Z] INFO: Subscribing to feeds batch 1: 0xe62df6c8b4a85fe1a6...
[2025-10-22T12:50:07.876Z] INFO: ff61491a: $3845.94 (±$1.36)
[2025-10-22T12:50:07.876Z] INFO: ef0d8b6f: $185.69 (±$0.10)
[2025-10-22T12:50:07.876Z] INFO: e62df6c8: $108031.00 (±$33.26)
[2025-10-22T12:50:08.550Z] INFO: ff61491a: $3845.93 (±$1.35)
[2025-10-22T12:50:08.550Z] INFO: ef0d8b6f: $185.69 (±$0.11)
[2025-10-22T12:50:08.550Z] INFO: e62df6c8: $108031.20 (±$36.10)
[2025-10-22T12:50:08.879Z] INFO: ff61491a: $3845.93 (±$1.35)
[2025-10-22T12:50:08.879Z] INFO: ef0d8b6f: $185.69 (±$0.10)
[2025-10-22T12:50:08.880Z] INFO: e62df6c8: $108031.00 (±$36.30)
[2025-10-22T12:50:08.890Z] WARN: WebSocket connection closed
[2025-10-22T12:50:08.891Z] INFO: Reconnection attempt 1/5 in 2s...
[2025-10-22T12:50:09.676Z] INFO: WebSocket connection established
[2025-10-22T12:50:09.676Z] INFO: Subscribing to feeds batch 1: 0xe62df6c8b4a85fe1a6...
[2025-10-22T12:50:09.676Z] INFO: Reconnection successful
[2025-10-22T12:50:10.523Z] INFO: ff61491a: $3845.86 (±$1.25)
[2025-10-22T12:50:10.523Z] INFO: e62df6c8: $108028.88 (±$34.71)
[2025-10-22T12:50:10.523Z] INFO: ef0d8b6f: $185.69 (±$0.09)
[2025-10-22T12:50:10.821Z] INFO: ff61491a: $3845.81 (±$1.32)
[2025-10-22T12:50:10.821Z] INFO: e62df6c8: $108028.88 (±$34.55)
[2025-10-22T12:50:10.821Z] INFO: ef0d8b6f: $185.69 (±$0.09)
[2025-10-22T12:50:10.894Z] WARN: WebSocket connection closed
[2025-10-22T12:50:10.894Z] INFO: Reconnection attempt 1/5 in 2s...
[2025-10-22T12:50:11.669Z] INFO: WebSocket connection established
[2025-10-22T12:50:11.670Z] INFO: Subscribing to feeds batch 1: 0xe62df6c8b4a85fe1a6...
[2025-10-22T12:50:11.670Z] INFO: Reconnection successful
[2025-10-22T12:50:11.914Z] WARN: Re-subscribing to 3 missing feeds
[2025-10-22T12:50:11.914Z] INFO: Subscribing to feeds batch 1: 0xe62df6c8b4a85fe1a6...
[2025-10-22T12:50:12.235Z] INFO: ef0d8b6f: $185.69 (±$0.09)
[2025-10-22T12:50:12.235Z] INFO: e62df6c8: $108028.45 (±$35.05)
[2025-10-22T12:50:12.235Z] INFO: ff61491a: $3845.85 (±$1.28)
[2025-10-22T12:50:12.387Z] INFO: e62df6c8: $108029.31 (±$35.25)
[2025-10-22T12:50:12.387Z] INFO: ef0d8b6f: $185.69 (±$0.10)
[2025-10-22T12:50:12.388Z] INFO: ff61491a: $3845.84 (±$1.31)
[2025-10-22T12:50:12.704Z] INFO: e62df6c8: $108028.23 (±$35.33)
[2025-10-22T12:50:12.704Z] INFO: ef0d8b6f: $185.69 (±$0.09)
[2025-10-22T12:50:12.705Z] INFO: ff61491a: $3845.79 (±$1.34)
[2025-10-22T12:50:12.897Z] WARN: WebSocket connection closed
[2025-10-22T12:50:12.898Z] INFO: Reconnection attempt 1/5 in 2s...
[2025-10-22T12:50:13.604Z] INFO: WebSocket connection established
[2025-10-22T12:50:13.605Z] INFO: Subscribing to feeds batch 1: 0xe62df6c8b4a85fe1a6...
[2025-10-22T12:50:13.605Z] INFO: Reconnection successful
[2025-10-22T12:50:14.268Z] INFO: e62df6c8: $108028.63 (±$34.40)
[2025-10-22T12:50:14.268Z] INFO: ff61491a: $3845.72 (±$1.41)
[2025-10-22T12:50:14.269Z] INFO: ef0d8b6f: $185.69 (±$0.07)
[2025-10-22T12:50:14.755Z] INFO: e62df6c8: $108028.63 (±$36.04)
[2025-10-22T12:50:14.755Z] INFO: ff61491a: $3845.72 (±$1.44)
[2025-10-22T12:50:14.755Z] INFO: ef0d8b6f: $185.69 (±$0.08)
[2025-10-22T12:50:14.900Z] WARN: WebSocket connection closed
[2025-10-22T12:50:14.900Z] INFO: Reconnection attempt 1/5 in 2s...
[2025-10-22T12:50:15.627Z] INFO: WebSocket connection established
[2025-10-22T12:50:15.628Z] INFO: Subscribing to feeds batch 1: 0xe62df6c8b4a85fe1a6...
[2025-10-22T12:50:15.628Z] INFO: Reconnection successful
[2025-10-22T12:50:16.063Z] INFO: ff61491a: $3845.75 (±$1.22)
[2025-10-22T12:50:16.063Z] INFO: ef0d8b6f: $185.70 (±$0.08)
[2025-10-22T12:50:16.064Z] INFO: e62df6c8: $108028.46 (±$34.64)
[2025-10-22T12:50:16.604Z] INFO: ff61491a: $3845.75 (±$1.26)
[2025-10-22T12:50:16.604Z] INFO: ef0d8b6f: $185.70 (±$0.08)
[2025-10-22T12:50:16.604Z] INFO: e62df6c8: $108028.23 (±$34.87)
[2025-10-22T12:50:16.904Z] WARN: WebSocket connection closed
[2025-10-22T12:50:16.904Z] INFO: Reconnection attempt 1/5 in 2s...
[2025-10-22T12:50:17.656Z] INFO: WebSocket connection established
[2025-10-22T12:50:17.656Z] INFO: Subscribing to feeds batch 1: 0xe62df6c8b4a85fe1a6...
[2025-10-22T12:50:17.657Z] INFO: Reconnection successful
[2025-10-22T12:50:18.193Z] INFO: ef0d8b6f: $185.70 (±$0.07)
[2025-10-22T12:50:18.193Z] INFO: ff61491a: $3845.75 (±$1.34)
[2025-10-22T12:50:18.193Z] INFO: e62df6c8: $108028.57 (±$34.99)
[2025-10-22T12:50:18.908Z] WARN: WebSocket connection closed
[2025-10-22T12:50:18.908Z] INFO: Reconnection attempt 1/5 in 2s...
[2025-10-22T12:50:19.693Z] INFO: WebSocket connection established
[2025-10-22T12:50:19.694Z] INFO: Subscribing to feeds batch 1: 0xe62df6c8b4a85fe1a6...
[2025-10-22T12:50:19.694Z] INFO: Reconnection successful
[2025-10-22T12:50:20.620Z] INFO: ff61491a: $3845.67 (±$1.31)
[2025-10-22T12:50:20.620Z] INFO: ef0d8b6f: $185.68 (±$0.08)
[2025-10-22T12:50:20.620Z] INFO: e62df6c8: $108028.48 (±$38.24)
[2025-10-22T12:50:20.861Z] INFO: ff61491a: $3845.56 (±$1.35)
[2025-10-22T12:50:20.861Z] INFO: ef0d8b6f: $185.68 (±$0.08)
[2025-10-22T12:50:20.861Z] INFO: e62df6c8: $108028.19 (±$34.04)
[2025-10-22T12:50:20.911Z] WARN: WebSocket connection closed
[2025-10-22T12:50:20.912Z] INFO: Reconnection attempt 1/5 in 2s...
[2025-10-22T12:50:21.671Z] INFO: WebSocket connection established
[2025-10-22T12:50:21.671Z] INFO: Subscribing to feeds batch 1: 0xe62df6c8b4a85fe1a6...
[2025-10-22T12:50:21.671Z] INFO: Reconnection successful
[2025-10-22T12:50:21.916Z] WARN: Re-subscribing to 3 missing feeds
[2025-10-22T12:50:21.916Z] INFO: Subscribing to feeds batch 1: 0xe62df6c8b4a85fe1a6...
[2025-10-22T12:50:22.409Z] INFO: ff61491a: $3845.20 (±$1.29)
[2025-10-22T12:50:22.409Z] INFO: ef0d8b6f: $185.68 (±$0.08)
[2025-10-22T12:50:22.409Z] INFO: e62df6c8: $108028.48 (±$34.12)
[2025-10-22T12:50:22.573Z] INFO: ff61491a: $3845.21 (±$1.28)
[2025-10-22T12:50:22.573Z] INFO: ef0d8b6f: $185.68 (±$0.07)
[2025-10-22T12:50:22.573Z] INFO: e62df6c8: $108027.87 (±$34.73)
[2025-10-22T12:50:22.867Z] INFO: ff61491a: $3845.20 (±$1.36)
[2025-10-22T12:50:22.869Z] INFO: ef0d8b6f: $185.68 (±$0.08)
[2025-10-22T12:50:22.869Z] INFO: e62df6c8: $108027.52 (±$33.94)
[2025-10-22T12:50:22.914Z] WARN: WebSocket connection closed
[2025-10-22T12:50:22.914Z] INFO: Reconnection attempt 1/5 in 2s...
[2025-10-22T12:50:23.630Z] INFO: WebSocket connection established
[2025-10-22T12:50:23.631Z] INFO: Subscribing to feeds batch 1: 0xe62df6c8b4a85fe1a6...
[2025-10-22T12:50:23.631Z] INFO: Reconnection successful
[2025-10-22T12:50:24.177Z] INFO: ef0d8b6f: $185.67 (±$0.08)
[2025-10-22T12:50:24.177Z] INFO: ff61491a: $3845.19 (±$1.28)
[2025-10-22T12:50:24.177Z] INFO: e62df6c8: $108026.98 (±$35.05)
[2025-10-22T12:50:24.623Z] INFO: ef0d8b6f: $185.67 (±$0.07)
[2025-10-22T12:50:24.624Z] INFO: ff61491a: $3845.20 (±$1.33)
[2025-10-22T12:50:24.624Z] INFO: e62df6c8: $108021.49 (±$38.88)
[2025-10-22T12:50:24.917Z] WARN: WebSocket connection closed
[2025-10-22T12:50:24.917Z] INFO: Reconnection attempt 1/5 in 2s...
[2025-10-22T12:50:25.609Z] INFO: WebSocket connection established
[2025-10-22T12:50:25.610Z] INFO: Subscribing to feeds batch 1: 0xe62df6c8b4a85fe1a6...
[2025-10-22T12:50:25.610Z] INFO: Reconnection successful
[2025-10-22T12:50:26.234Z] INFO: ef0d8b6f: $185.67 (±$0.08)
[2025-10-22T12:50:26.235Z] INFO: e62df6c8: $108019.50 (±$40.87)
[2025-10-22T12:50:26.235Z] INFO: ff61491a: $3845.19 (±$1.28)
[2025-10-22T12:50:26.650Z] INFO: ef0d8b6f: $185.67 (±$0.07)
[2025-10-22T12:50:26.651Z] INFO: e62df6c8: $108019.50 (±$40.87)
[2025-10-22T12:50:26.651Z] INFO: ff61491a: $3845.18 (±$1.26)
[2025-10-22T12:50:26.915Z] WARN: Re-subscribing to 3 missing feeds
[2025-10-22T12:50:26.916Z] INFO: Subscribing to feeds batch 1: 0xe62df6c8b4a85fe1a6...
[2025-10-22T12:50:26.918Z] WARN: WebSocket connection closed
[2025-10-22T12:50:26.918Z] INFO: Reconnection attempt 1/5 in 2s...
[2025-10-22T12:50:27.611Z] INFO: WebSocket connection established
[2025-10-22T12:50:27.611Z] INFO: Subscribing to feeds batch 1: 0xe62df6c8b4a85fe1a6...
[2025-10-22T12:50:27.612Z] INFO: Reconnection successful
[2025-10-22T12:50:28.038Z] INFO: e62df6c8: $108019.25 (±$40.22)
[2025-10-22T12:50:28.038Z] INFO: ff61491a: $3845.20 (±$1.34)
[2025-10-22T12:50:28.038Z] INFO: ef0d8b6f: $185.67 (±$0.07)
[2025-10-22T12:50:28.389Z] INFO: e62df6c8: $108020.50 (±$41.31)
[2025-10-22T12:50:28.390Z] INFO: ff61491a: $3845.20 (±$1.33)
[2025-10-22T12:50:28.390Z] INFO: ef0d8b6f: $185.67 (±$0.08)
[2025-10-22T12:50:28.920Z] WARN: WebSocket connection closed
[2025-10-22T12:50:28.920Z] INFO: Reconnection attempt 1/5 in 2s...
[2025-10-22T12:50:29.768Z] INFO: WebSocket connection established
[2025-10-22T12:50:29.768Z] INFO: Subscribing to feeds batch 1: 0xe62df6c8b4a85fe1a6...
[2025-10-22T12:50:29.769Z] INFO: Reconnection successful
[2025-10-22T12:50:30.867Z] INFO: ff61491a: $3845.40 (±$1.30)
[2025-10-22T12:50:30.867Z] INFO: ef0d8b6f: $185.67 (±$0.07)
[2025-10-22T12:50:30.868Z] INFO: e62df6c8: $108020.95 (±$37.98)
[2025-10-22T12:50:30.922Z] WARN: WebSocket connection closed
[2025-10-22T12:50:30.923Z] INFO: Reconnection attempt 1/5 in 2s...
[2025-10-22T12:50:31.602Z] INFO: WebSocket connection established
[2025-10-22T12:50:31.603Z] INFO: Subscribing to feeds batch 1: 0xe62df6c8b4a85fe1a6...
[2025-10-22T12:50:31.603Z] INFO: Reconnection successful
[2025-10-22T12:50:31.917Z] WARN: Re-subscribing to 3 missing feeds
[2025-10-22T12:50:31.918Z] INFO: Subscribing to feeds batch 1: 0xe62df6c8b4a85fe1a6...
[2025-10-22T12:50:32.619Z] INFO: ff61491a: $3845.40 (±$1.34)
[2025-10-22T12:50:32.619Z] INFO: e62df6c8: $108020.00 (±$40.42)
[2025-10-22T12:50:32.619Z] INFO: ef0d8b6f: $185.68 (±$0.07)
[2025-10-22T12:50:32.814Z] INFO: ff61491a: $3845.40 (±$1.33)
[2025-10-22T12:50:32.814Z] INFO: e62df6c8: $108019.96 (±$40.23)
[2025-10-22T12:50:32.814Z] INFO: ef0d8b6f: $185.68 (±$0.07)
[2025-10-22T12:50:32.928Z] WARN: WebSocket connection closed
[2025-10-22T12:50:32.928Z] INFO: Reconnection attempt 1/5 in 2s...
[2025-10-22T12:50:33.630Z] INFO: WebSocket connection established
[2025-10-22T12:50:33.631Z] INFO: Subscribing to feeds batch 1: 0xe62df6c8b4a85fe1a6...
[2025-10-22T12:50:33.631Z] INFO: Reconnection successful
[2025-10-22T12:50:34.269Z] INFO: ff61491a: $3845.46 (±$1.28)
[2025-10-22T12:50:34.269Z] INFO: e62df6c8: $108019.96 (±$38.24)
[2025-10-22T12:50:34.269Z] INFO: ef0d8b6f: $185.69 (±$0.08)
[2025-10-22T12:50:34.485Z] INFO: ff61491a: $3845.51 (±$1.29)
[2025-10-22T12:50:34.485Z] INFO: e62df6c8: $108020.00 (±$38.20)
[2025-10-22T12:50:34.486Z] INFO: ef0d8b6f: $185.70 (±$0.08)
[2025-10-22T12:50:34.900Z] INFO: ff61491a: $3845.51 (±$1.23)
[2025-10-22T12:50:34.900Z] INFO: e62df6c8: $108019.21 (±$36.96)
[2025-10-22T12:50:34.900Z] INFO: ef0d8b6f: $185.70 (±$0.09)
[2025-10-22T12:50:34.932Z] WARN: WebSocket connection closed
[2025-10-22T12:50:34.933Z] INFO: Reconnection attempt 1/5 in 2s...
[2025-10-22T12:50:35.651Z] INFO: WebSocket connection established
[2025-10-22T12:50:35.652Z] INFO: Subscribing to feeds batch 1: 0xe62df6c8b4a85fe1a6...
[2025-10-22T12:50:35.652Z] INFO: Reconnection successful
[2025-10-22T12:50:36.166Z] INFO: ef0d8b6f: $185.69 (±$0.08)
[2025-10-22T12:50:36.167Z] INFO: ff61491a: $3845.50 (±$1.33)
[2025-10-22T12:50:36.167Z] INFO: e62df6c8: $108019.94 (±$39.40)
[2025-10-22T12:50:36.610Z] INFO: ef0d8b6f: $185.69 (±$0.08)
[2025-10-22T12:50:36.610Z] INFO: ff61491a: $3845.52 (±$1.44)
[2025-10-22T12:50:36.610Z] INFO: e62df6c8: $108018.00 (±$35.27)
[2025-10-22T12:50:36.918Z] WARN: Re-subscribing to 3 missing feeds
[2025-10-22T12:50:36.918Z] INFO: Subscribing to feeds batch 1: 0xe62df6c8b4a85fe1a6...
[2025-10-22T12:50:36.932Z] INFO: ef0d8b6f: $185.69 (±$0.08)
[2025-10-22T12:50:36.933Z] INFO: ff61491a: $3845.51 (±$1.42)
[2025-10-22T12:50:36.933Z] INFO: e62df6c8: $108017.55 (±$35.71)
[2025-10-22T12:50:36.935Z] WARN: WebSocket connection closed
[2025-10-22T12:50:36.935Z] INFO: Reconnection attempt 1/5 in 2s...
[2025-10-22T12:50:37.604Z] INFO: WebSocket connection established
[2025-10-22T12:50:37.604Z] INFO: Subscribing to feeds batch 1: 0xe62df6c8b4a85fe1a6...
[2025-10-22T12:50:37.604Z] INFO: Reconnection successful
[2025-10-22T12:50:37.882Z] INFO: ff61491a: $3845.54 (±$1.28)
[2025-10-22T12:50:37.882Z] INFO: e62df6c8: $108017.50 (±$40.40)
[2025-10-22T12:50:37.882Z] INFO: ef0d8b6f: $185.69 (±$0.07)
[2025-10-22T12:50:38.346Z] INFO: ff61491a: $3845.51 (±$1.26)
[2025-10-22T12:50:38.347Z] INFO: e62df6c8: $108017.77 (±$40.71)
[2025-10-22T12:50:38.347Z] INFO: ef0d8b6f: $185.69 (±$0.07)
[2025-10-22T12:50:38.763Z] INFO: ff61491a: $3845.53 (±$1.30)
[2025-10-22T12:50:38.764Z] INFO: e62df6c8: $108015.48 (±$35.76)
[2025-10-22T12:50:38.764Z] INFO: ef0d8b6f: $185.69 (±$0.07)
[2025-10-22T12:50:38.937Z] WARN: WebSocket connection closed
[2025-10-22T12:50:38.937Z] INFO: Reconnection attempt 1/5 in 2s...
[2025-10-22T12:50:39.622Z] INFO: WebSocket connection established
[2025-10-22T12:50:39.622Z] INFO: Subscribing to feeds batch 1: 0xe62df6c8b4a85fe1a6...
[2025-10-22T12:50:39.622Z] INFO: Reconnection successful
[2025-10-22T12:50:40.202Z] INFO: e62df6c8: $108017.50 (±$31.36)
[2025-10-22T12:50:40.202Z] INFO: ef0d8b6f: $185.69 (±$0.07)
[2025-10-22T12:50:40.203Z] INFO: ff61491a: $3845.50 (±$1.36)
[2025-10-22T12:50:40.663Z] INFO: e62df6c8: $108017.72 (±$31.78)
[2025-10-22T12:50:40.663Z] INFO: ef0d8b6f: $185.69 (±$0.07)
[2025-10-22T12:50:40.663Z] INFO: ff61491a: $3845.53 (±$1.42)
[2025-10-22T12:50:40.940Z] WARN: WebSocket connection closed
[2025-10-22T12:50:40.940Z] INFO: Reconnection attempt 1/5 in 2s...
[2025-10-22T12:50:41.661Z] INFO: WebSocket connection established
[2025-10-22T12:50:41.662Z] INFO: Subscribing to feeds batch 1: 0xe62df6c8b4a85fe1a6...
[2025-10-22T12:50:41.662Z] INFO: Reconnection successful
[2025-10-22T12:50:41.918Z] WARN: Re-subscribing to 3 missing feeds
[2025-10-22T12:50:41.919Z] INFO: Subscribing to feeds batch 1: 0xe62df6c8b4a85fe1a6...
[2025-10-22T12:50:42.256Z] INFO: ff61491a: $3845.52 (±$1.43)
[2025-10-22T12:50:42.257Z] INFO: ef0d8b6f: $185.69 (±$0.07)
[2025-10-22T12:50:42.257Z] INFO: e62df6c8: $108017.99 (±$40.21)
[2025-10-22T12:50:43.262Z] INFO: e62df6c8: $108017.99 (±$33.26)
[2025-10-22T12:50:43.265Z] INFO: ff61491a: $3845.52 (±$1.43)
[2025-10-22T12:50:43.266Z] INFO: ef0d8b6f: $185.69 (±$0.07)
[2025-10-22T12:50:43.282Z] WARN: WebSocket connection closed
[2025-10-22T12:50:43.283Z] INFO: Reconnection attempt 1/5 in 2s...
[2025-10-22T12:50:44.019Z] INFO: WebSocket connection established
[2025-10-22T12:50:44.020Z] INFO: Subscribing to feeds batch 1: 0xe62df6c8b4a85fe1a6...
[2025-10-22T12:50:44.020Z] INFO: Reconnection successful
[2025-10-22T12:50:45.107Z] INFO: ff61491a: $3845.58 (±$1.31)
[2025-10-22T12:50:45.177Z] INFO: e62df6c8: $108017.73 (±$31.16)
[2025-10-22T12:50:45.179Z] INFO: ef0d8b6f: $185.69 (±$0.08)
[2025-10-22T12:50:45.197Z] INFO: ff61491a: $3845.57 (±$1.30)
[2025-10-22T12:50:45.198Z] INFO: e62df6c8: $108017.66 (±$36.17)
[2025-10-22T12:50:45.200Z] INFO: ef0d8b6f: $185.70 (±$0.07)
[2025-10-22T12:50:45.394Z] WARN: WebSocket connection closed
[2025-10-22T12:50:45.394Z] INFO: Reconnection attempt 1/5 in 2s...
[2025-10-22T12:50:46.096Z] INFO: WebSocket connection established
[2025-10-22T12:50:46.096Z] INFO: Subscribing to feeds batch 1: 0xe62df6c8b4a85fe1a6...
[2025-10-22T12:50:46.097Z] INFO: Reconnection successful
[2025-10-22T12:50:46.720Z] INFO: e62df6c8: $108017.61 (±$40.83)
[2025-10-22T12:50:46.721Z] INFO: ef0d8b6f: $185.70 (±$0.07)
[2025-10-22T12:50:46.721Z] INFO: ff61491a: $3845.57 (±$1.29)
[2025-10-22T12:50:46.919Z] WARN: Re-subscribing to 3 missing feeds
[2025-10-22T12:50:46.920Z] INFO: Subscribing to feeds batch 1: 0xe62df6c8b4a85fe1a6...
[2025-10-22T12:50:47.217Z] INFO: e62df6c8: $108017.61 (±$40.42)
[2025-10-22T12:50:47.463Z] INFO: ef0d8b6f: $185.69 (±$0.07)
[2025-10-22T12:50:47.464Z] INFO: ff61491a: $3845.46 (±$1.22)
[2025-10-22T12:50:47.522Z] WARN: WebSocket connection closed
[2025-10-22T12:50:47.522Z] INFO: Reconnection attempt 1/5 in 2s...
[2025-10-22T12:50:48.387Z] INFO: WebSocket connection established
[2025-10-22T12:50:48.404Z] INFO: Subscribing to feeds batch 1: 0xe62df6c8b4a85fe1a6...
[2025-10-22T12:50:48.412Z] INFO: Reconnection successful
[2025-10-22T12:50:48.953Z] INFO: ef0d8b6f: $185.68 (±$0.07)
[2025-10-22T12:50:48.953Z] INFO: e62df6c8: $108017.65 (±$35.36)
[2025-10-22T12:50:48.954Z] INFO: ff61491a: $3845.32 (±$1.56)
[2025-10-22T12:50:49.266Z] INFO: ef0d8b6f: $185.68 (±$0.07)
[2025-10-22T12:50:49.405Z] INFO: e62df6c8: $108018.15 (±$39.91)
[2025-10-22T12:50:49.406Z] INFO: ff61491a: $3845.29 (±$1.25)
[2025-10-22T12:50:49.547Z] WARN: WebSocket connection closed
[2025-10-22T12:50:49.548Z] INFO: Reconnection attempt 1/5 in 2s...
[2025-10-22T12:50:50.270Z] INFO: WebSocket connection established
[2025-10-22T12:50:50.294Z] INFO: Subscribing to feeds batch 1: 0xe62df6c8b4a85fe1a6...
[2025-10-22T12:50:50.294Z] INFO: Reconnection successful
[2025-10-22T12:50:50.512Z] INFO: e62df6c8: $108018.05 (±$36.15)
[2025-10-22T12:50:50.512Z] INFO: ff61491a: $3845.06 (±$1.32)
[2025-10-22T12:50:50.514Z] INFO: ef0d8b6f: $185.68 (±$0.07)
[2025-10-22T12:50:50.871Z] INFO: e62df6c8: $108018.69 (±$37.67)
[2025-10-22T12:50:50.878Z] INFO: ff61491a: $3845.06 (±$1.51)
[2025-10-22T12:50:50.881Z] INFO: ef0d8b6f: $185.68 (±$0.07)
[2025-10-22T12:50:52.011Z] INFO: e62df6c8: $108017.65 (±$39.15)
[2025-10-22T12:50:52.152Z] INFO: ff61491a: $3845.17 (±$1.26)
[2025-10-22T12:50:52.152Z] INFO: ef0d8b6f: $185.68 (±$0.07)
[2025-10-22T12:50:52.181Z] WARN: Re-subscribing to 3 missing feeds
[2025-10-22T12:50:52.182Z] ERROR: Cannot subscribe: WebSocket not connected
[2025-10-22T12:50:52.194Z] WARN: WebSocket connection closed
[2025-10-22T12:50:52.194Z] INFO: Reconnection attempt 1/5 in 2s...
[2025-10-22T12:50:52.944Z] INFO: WebSocket connection established
[2025-10-22T12:50:53.031Z] INFO: Subscribing to feeds batch 1: 0xe62df6c8b4a85fe1a6...
[2025-10-22T12:50:53.045Z] INFO: Reconnection successful
[2025-10-22T12:50:53.464Z] INFO: ff61491a: $3845.08 (±$1.26)
[2025-10-22T12:50:53.466Z] INFO: ef0d8b6f: $185.68 (±$0.07)
[2025-10-22T12:50:53.466Z] INFO: e62df6c8: $108017.49 (±$36.74)
[2025-10-22T12:50:53.642Z] WARN: Missing price data for BTC/USD
[2025-10-22T12:50:53.643Z] WARN: Missing price data for ETH/USD
[2025-10-22T12:50:53.643Z] WARN: Missing price data for SOL/USD
[2025-10-22T12:50:53.643Z] WARN: Price data status: 0 stale, 3 missing
[2025-10-22T12:50:53.643Z] ERROR: Too many stale/missing prices, attempting to recover connection...
[2025-10-22T12:50:53.644Z] INFO: Starting Pyth price stream for 3 feeds
[2025-10-22T12:50:53.665Z] WARN: WebSocket connection closed
[2025-10-22T12:50:53.667Z] INFO: Reconnection attempt 1/5 in 2s...
[2025-10-22T12:50:53.740Z] WARN: Missing price data for BTC/USD
[2025-10-22T12:50:53.740Z] WARN: Missing price data for ETH/USD
[2025-10-22T12:50:53.740Z] WARN: Missing price data for SOL/USD
[2025-10-22T12:50:53.740Z] WARN: Price data status: 0 stale, 3 missing
[2025-10-22T12:50:53.740Z] ERROR: Too many stale/missing prices, attempting to recover connection...
[2025-10-22T12:50:53.740Z] INFO: Starting Pyth price stream for 3 feeds
[2025-10-22T12:50:53.744Z] ERROR: WebSocket error: WebSocket was closed before the connection was established
[2025-10-22T12:50:53.745Z] WARN: WebSocket connection closed
[2025-10-22T12:50:54.197Z] ERROR: WebSocket error: WebSocket was closed before the connection was established
[2025-10-22T12:50:54.198Z] WARN: WebSocket connection closed
[2025-10-22T12:50:54.871Z] INFO: WebSocket connection established
[2025-10-22T12:50:54.872Z] INFO: Subscribing to feeds batch 1: 0xe62df6c8b4a85fe1a6...
[2025-10-22T12:50:54.872Z] INFO: Reconnection successful
[2025-10-22T12:50:55.399Z] INFO: ef0d8b6f: $185.67 (±$0.07)
[2025-10-22T12:50:55.399Z] INFO: e62df6c8: $108009.33 (±$35.08)
[2025-10-22T12:50:55.399Z] INFO: ff61491a: $3844.90 (±$1.33)
[2025-10-22T12:50:55.571Z] INFO: ef0d8b6f: $185.67 (±$0.07)
[2025-10-22T12:50:55.571Z] INFO: e62df6c8: $108007.94 (±$36.48)
[2025-10-22T12:50:55.572Z] INFO: ff61491a: $3844.88 (±$1.25)
[2025-10-22T12:50:55.671Z] WARN: WebSocket connection closed
[2025-10-22T12:50:55.671Z] INFO: Reconnection attempt 1/5 in 2s...
[2025-10-22T12:50:56.342Z] INFO: WebSocket connection established
[2025-10-22T12:50:56.342Z] INFO: Subscribing to feeds batch 1: 0xe62df6c8b4a85fe1a6...
[2025-10-22T12:50:56.342Z] INFO: Reconnection successful
[2025-10-22T12:50:56.889Z] INFO: ef0d8b6f: $185.68 (±$0.07)
[2025-10-22T12:50:56.889Z] INFO: ff61491a: $3844.84 (±$1.40)
[2025-10-22T12:50:56.889Z] INFO: e62df6c8: $108005.77 (±$37.82)
[2025-10-22T12:50:57.083Z] INFO: ef0d8b6f: $185.67 (±$0.08)
[2025-10-22T12:50:57.084Z] INFO: ff61491a: $3844.70 (±$1.44)
[2025-10-22T12:50:57.084Z] INFO: e62df6c8: $108005.77 (±$36.58)
[2025-10-22T12:50:57.480Z] INFO: ef0d8b6f: $185.67 (±$0.07)
[2025-10-22T12:50:57.481Z] INFO: ff61491a: $3844.80 (±$1.34)
[2025-10-22T12:50:57.481Z] INFO: e62df6c8: $108004.05 (±$39.69)
[2025-10-22T12:50:57.674Z] WARN: WebSocket connection closed
[2025-10-22T12:50:57.674Z] INFO: Reconnection attempt 1/5 in 2s...
[2025-10-22T12:50:58.409Z] INFO: WebSocket connection established
[2025-10-22T12:50:58.410Z] INFO: Subscribing to feeds batch 1: 0xe62df6c8b4a85fe1a6...
[2025-10-22T12:50:58.410Z] INFO: Reconnection successful
[2025-10-22T12:50:58.742Z] WARN: Re-subscribing to 3 missing feeds
[2025-10-22T12:50:58.742Z] INFO: Subscribing to feeds batch 1: 0xe62df6c8b4a85fe1a6...
[2025-10-22T12:50:59.222Z] INFO: e62df6c8: $108002.21 (±$41.29)
[2025-10-22T12:50:59.222Z] INFO: ff61491a: $3844.80 (±$1.32)
[2025-10-22T12:50:59.222Z] INFO: ef0d8b6f: $185.67 (±$0.07)
[2025-10-22T12:50:59.674Z] INFO: e62df6c8: $108002.30 (±$41.54)
[2025-10-22T12:50:59.674Z] INFO: ff61491a: $3844.79 (±$1.32)
[2025-10-22T12:50:59.675Z] INFO: ef0d8b6f: $185.67 (±$0.08)
[2025-10-22T12:50:59.678Z] WARN: WebSocket connection closed
[2025-10-22T12:50:59.678Z] INFO: Reconnection attempt 1/5 in 2s...
[2025-10-22T12:51:00.535Z] INFO: WebSocket connection established
[2025-10-22T12:51:00.536Z] INFO: Subscribing to feeds batch 1: 0xe62df6c8b4a85fe1a6...
[2025-10-22T12:51:00.536Z] INFO: Reconnection successful
[2025-10-22T12:51:01.061Z] INFO: e62df6c8: $108002.00 (±$41.71)
[2025-10-22T12:51:01.061Z] INFO: ff61491a: $3844.66 (±$1.35)
[2025-10-22T12:51:01.062Z] INFO: ef0d8b6f: $185.67 (±$0.07)
[2025-10-22T12:51:01.428Z] INFO: e62df6c8: $108002.00 (±$40.30)
[2025-10-22T12:51:01.428Z] INFO: ff61491a: $3844.66 (±$1.41)
[2025-10-22T12:51:01.428Z] INFO: ef0d8b6f: $185.67 (±$0.08)
[2025-10-22T12:51:01.681Z] WARN: WebSocket connection closed
[2025-10-22T12:51:01.681Z] INFO: Reconnection attempt 1/5 in 2s...
[2025-10-22T12:51:02.564Z] INFO: WebSocket connection established
[2025-10-22T12:51:02.564Z] INFO: Subscribing to feeds batch 1: 0xe62df6c8b4a85fe1a6...
[2025-10-22T12:51:02.565Z] INFO: Reconnection successful
[2025-10-22T12:51:02.970Z] INFO: SIGINT signal received: closing HTTP server
